[ 2016-06-17T10:19:35+08:00 ] 127.0.0.1 /MyTKP/index.php/Home/Class/loadClass
INFO: [ app_init ] --START--
INFO: Run Behavior\BuildLiteBehavior [ RunTime:0.001000s ]
INFO: [ app_init ] --END-- [ RunTime:0.003000s ]
INFO: [ app_begin ] --START--
INFO: Run Behavior\ReadHtmlCacheBehavior [ RunTime:0.002000s ]
INFO: [ app_begin ] --END-- [ RunTime:0.004000s ]
ERR: 无法加载数据库驱动: Think\Db\Driver\
NOTIC: [2] Cannot modify header information - headers already sent by (output started at D:\phpwebapp\MyTKP\ThinkPHP\Common\functions.php:102) D:\phpwebapp\MyTKP\ThinkPHP\Library\Think\Think.class.php 第 229 行.
NOTIC: [2] Cannot modify header information - headers already sent by (output started at D:\phpwebapp\MyTKP\ThinkPHP\Common\functions.php:102) D:\phpwebapp\MyTKP\ThinkPHP\Library\Think\Think.class.php 第 230 行.

[ 2016-06-17T10:20:13+08:00 ] 127.0.0.1 /MyTKP/index.php/Home/Class/loadClass
INFO: [ app_init ] --START--
INFO: Run Behavior\BuildLiteBehavior [ RunTime:0.000000s ]
INFO: [ app_init ] --END-- [ RunTime:0.003000s ]
INFO: [ app_begin ] --START--
INFO: Run Behavior\ReadHtmlCacheBehavior [ RunTime:0.002000s ]
INFO: [ app_begin ] --END-- [ RunTime:0.004001s ]
ERR: 无法加载数据库驱动: Think\Db\Driver\
NOTIC: [2] Cannot modify header information - headers already sent by (output started at D:\phpwebapp\MyTKP\ThinkPHP\Common\functions.php:102) D:\phpwebapp\MyTKP\ThinkPHP\Library\Think\Think.class.php 第 229 行.
NOTIC: [2] Cannot modify header information - headers already sent by (output started at D:\phpwebapp\MyTKP\ThinkPHP\Common\functions.php:102) D:\phpwebapp\MyTKP\ThinkPHP\Library\Think\Think.class.php 第 230 行.

[ 2016-06-17T10:20:17+08:00 ] 127.0.0.1 /MyTKP/index.php/Home/Class/loadClass
INFO: [ app_init ] --START--
INFO: Run Behavior\BuildLiteBehavior [ RunTime:0.001000s ]
INFO: [ app_init ] --END-- [ RunTime:0.003000s ]
INFO: [ app_begin ] --START--
INFO: Run Behavior\ReadHtmlCacheBehavior [ RunTime:0.002000s ]
INFO: [ app_begin ] --END-- [ RunTime:0.004000s ]
ERR: 无法加载数据库驱动: Think\Db\Driver\
NOTIC: [2] Cannot modify header information - headers already sent by (output started at D:\phpwebapp\MyTKP\ThinkPHP\Common\functions.php:102) D:\phpwebapp\MyTKP\ThinkPHP\Library\Think\Think.class.php 第 229 行.
NOTIC: [2] Cannot modify header information - headers already sent by (output started at D:\phpwebapp\MyTKP\ThinkPHP\Common\functions.php:102) D:\phpwebapp\MyTKP\ThinkPHP\Library\Think\Think.class.php 第 230 行.

[ 2016-06-17T10:22:27+08:00 ] 127.0.0.1 /MyTKP/index.php/Home/Class/loadClass
INFO: [ app_init ] --START--
INFO: Run Behavior\BuildLiteBehavior [ RunTime:0.001000s ]
INFO: [ app_init ] --END-- [ RunTime:0.005000s ]
NOTIC: [8] Undefined variable: THINKPHP_DSN D:\phpwebapp\MyTKP\Application\Home\Conf\config.php 第 21 行.
INFO: [ app_begin ] --START--
INFO: Run Behavior\ReadHtmlCacheBehavior [ RunTime:0.001000s ]
INFO: [ app_begin ] --END-- [ RunTime:0.004001s ]
ERR: 无法加载数据库驱动: Think\Db\Driver\
NOTIC: [2] Cannot modify header information - headers already sent by (output started at D:\phpwebapp\MyTKP\ThinkPHP\Common\functions.php:102) D:\phpwebapp\MyTKP\ThinkPHP\Library\Think\Think.class.php 第 229 行.
NOTIC: [2] Cannot modify header information - headers already sent by (output started at D:\phpwebapp\MyTKP\ThinkPHP\Common\functions.php:102) D:\phpwebapp\MyTKP\ThinkPHP\Library\Think\Think.class.php 第 230 行.

[ 2016-06-17T10:22:29+08:00 ] 127.0.0.1 /MyTKP/index.php/Home/Class/loadClass
INFO: [ app_init ] --START--
INFO: Run Behavior\BuildLiteBehavior [ RunTime:0.000000s ]
INFO: [ app_init ] --END-- [ RunTime:0.004000s ]
NOTIC: [8] Undefined variable: THINKPHP_DSN D:\phpwebapp\MyTKP\Application\Home\Conf\config.php 第 21 行.
INFO: [ app_begin ] --START--
INFO: Run Behavior\ReadHtmlCacheBehavior [ RunTime:0.001000s ]
INFO: [ app_begin ] --END-- [ RunTime:0.003000s ]
ERR: 无法加载数据库驱动: Think\Db\Driver\
NOTIC: [2] Cannot modify header information - headers already sent by (output started at D:\phpwebapp\MyTKP\ThinkPHP\Common\functions.php:102) D:\phpwebapp\MyTKP\ThinkPHP\Library\Think\Think.class.php 第 229 行.
NOTIC: [2] Cannot modify header information - headers already sent by (output started at D:\phpwebapp\MyTKP\ThinkPHP\Common\functions.php:102) D:\phpwebapp\MyTKP\ThinkPHP\Library\Think\Think.class.php 第 230 行.

[ 2016-06-17T10:22:31+08:00 ] 127.0.0.1 /MyTKP/index.php/Home/Class/loadClass
INFO: [ app_init ] --START--
INFO: Run Behavior\BuildLiteBehavior [ RunTime:0.001000s ]
INFO: [ app_init ] --END-- [ RunTime:0.003000s ]
NOTIC: [8] Undefined variable: THINKPHP_DSN D:\phpwebapp\MyTKP\Application\Home\Conf\config.php 第 21 行.
INFO: [ app_begin ] --START--
INFO: Run Behavior\ReadHtmlCacheBehavior [ RunTime:0.001000s ]
INFO: [ app_begin ] --END-- [ RunTime:0.003000s ]
ERR: 无法加载数据库驱动: Think\Db\Driver\
NOTIC: [2] Cannot modify header information - headers already sent by (output started at D:\phpwebapp\MyTKP\ThinkPHP\Common\functions.php:102) D:\phpwebapp\MyTKP\ThinkPHP\Library\Think\Think.class.php 第 229 行.
NOTIC: [2] Cannot modify header information - headers already sent by (output started at D:\phpwebapp\MyTKP\ThinkPHP\Common\functions.php:102) D:\phpwebapp\MyTKP\ThinkPHP\Library\Think\Think.class.php 第 230 行.

[ 2016-06-17T10:24:54+08:00 ] 127.0.0.1 /MyTKP/index.php/Home/Class/loadClass
INFO: [ app_init ] --START--
INFO: Run Behavior\BuildLiteBehavior [ RunTime:0.000000s ]
INFO: [ app_init ] --END-- [ RunTime:0.003000s ]
INFO: [ app_begin ] --START--
INFO: Run Behavior\ReadHtmlCacheBehavior [ RunTime:0.002001s ]
INFO: [ app_begin ] --END-- [ RunTime:0.004001s ]
SQL: SHOW COLUMNS FROM `class` [ RunTime:0.0350s ]
SQL: SELECT * FROM `class`  [ RunTime:0.0030s ]
INFO: [ app_end ] --START--
INFO: Run Behavior\ShowPageTraceBehavior [ RunTime:0.003000s ]
INFO: [ app_end ] --END-- [ RunTime:0.007001s ]

[ 2016-06-17T10:25:22+08:00 ] 127.0.0.1 /MyTKP/index.php/Home/Class/loadClass
INFO: [ app_init ] --START--
INFO: Run Behavior\BuildLiteBehavior [ RunTime:0.000000s ]
INFO: [ app_init ] --END-- [ RunTime:0.004001s ]
INFO: [ app_begin ] --START--
INFO: Run Behavior\ReadHtmlCacheBehavior [ RunTime:0.002000s ]
INFO: [ app_begin ] --END-- [ RunTime:0.004001s ]
SQL: SHOW COLUMNS FROM `class` [ RunTime:0.0300s ]
SQL: SELECT * FROM `class`  [ RunTime:0.0010s ]
INFO: [ app_end ] --START--
INFO: Run Behavior\ShowPageTraceBehavior [ RunTime:0.002000s ]
INFO: [ app_end ] --END-- [ RunTime:0.005000s ]

[ 2016-06-17T10:25:52+08:00 ] 127.0.0.1 /MyTKP/index.php/Home/Class/loadClass
INFO: [ app_init ] --START--
INFO: Run Behavior\BuildLiteBehavior [ RunTime:0.001000s ]
INFO: [ app_init ] --END-- [ RunTime:0.005000s ]
INFO: [ app_begin ] --START--
INFO: Run Behavior\ReadHtmlCacheBehavior [ RunTime:0.001000s ]
INFO: [ app_begin ] --END-- [ RunTime:0.003000s ]
SQL: SHOW COLUMNS FROM `class` [ RunTime:0.0260s ]
SQL: SELECT * FROM `class`  [ RunTime:0.0010s ]
INFO: [ app_end ] --START--
INFO: Run Behavior\ShowPageTraceBehavior [ RunTime:0.002000s ]
INFO: [ app_end ] --END-- [ RunTime:0.004000s ]

[ 2016-06-17T10:30:53+08:00 ] 127.0.0.1 /MyTKP/index.php/Home/Class/loadClass
INFO: [ app_init ] --START--
INFO: Run Behavior\BuildLiteBehavior [ RunTime:0.001000s ]
INFO: [ app_init ] --END-- [ RunTime:0.004001s ]
INFO: [ app_begin ] --START--
INFO: Run Behavior\ReadHtmlCacheBehavior [ RunTime:0.001000s ]
INFO: [ app_begin ] --END-- [ RunTime:0.003000s ]
SQL: SHOW COLUMNS FROM `class` [ RunTime:0.0360s ]
SQL: SELECT * FROM `class`  [ RunTime:0.0010s ]
INFO: [ app_end ] --START--
INFO: Run Behavior\ShowPageTraceBehavior [ RunTime:0.003000s ]
INFO: [ app_end ] --END-- [ RunTime:0.005000s ]

[ 2016-06-17T10:32:19+08:00 ] 127.0.0.1 /MyTKP/index.php/Home/Class/loadClass
INFO: [ app_init ] --START--
INFO: Run Behavior\BuildLiteBehavior [ RunTime:0.001000s ]
INFO: [ app_init ] --END-- [ RunTime:0.004001s ]
INFO: [ app_begin ] --START--
INFO: Run Behavior\ReadHtmlCacheBehavior [ RunTime:0.003000s ]
INFO: [ app_begin ] --END-- [ RunTime:0.008000s ]
SQL: SHOW COLUMNS FROM `class` [ RunTime:0.0270s ]
SQL: SELECT * FROM `class`  [ RunTime:0.0010s ]
INFO: [ app_end ] --START--
INFO: Run Behavior\ShowPageTraceBehavior [ RunTime:0.002000s ]
INFO: [ app_end ] --END-- [ RunTime:0.005000s ]

[ 2016-06-17T10:36:48+08:00 ] 127.0.0.1 /MyTKP/index.php/Home/Class/loadClass
INFO: [ app_init ] --START--
INFO: Run Behavior\BuildLiteBehavior [ RunTime:0.001000s ]
INFO: [ app_init ] --END-- [ RunTime:0.003000s ]
INFO: [ app_begin ] --START--
INFO: Run Behavior\ReadHtmlCacheBehavior [ RunTime:0.001000s ]
INFO: [ app_begin ] --END-- [ RunTime:0.003001s ]
SQL: SHOW COLUMNS FROM `class` [ RunTime:0.0260s ]
SQL: SELECT * FROM `class`  [ RunTime:0.0020s ]
INFO: [ app_end ] --START--
INFO: Run Behavior\ShowPageTraceBehavior [ RunTime:0.002000s ]
INFO: [ app_end ] --END-- [ RunTime:0.004000s ]

[ 2016-06-17T11:08:48+08:00 ] 127.0.0.1 /MyTKP/index.php/Home/Class/loadClass
INFO: [ app_init ] --START--
INFO: Run Behavior\BuildLiteBehavior [ RunTime:0.000000s ]
INFO: [ app_init ] --END-- [ RunTime:0.003000s ]
INFO: [ app_begin ] --START--
INFO: Run Behavior\ReadHtmlCacheBehavior [ RunTime:0.002000s ]
INFO: [ app_begin ] --END-- [ RunTime:0.005001s ]
ERR: 无法加载数据库驱动: Think\Db\Driver\
NOTIC: [2] Cannot modify header information - headers already sent by (output started at D:\phpwebapp\MyTKP\ThinkPHP\Common\functions.php:102) D:\phpwebapp\MyTKP\ThinkPHP\Library\Think\Think.class.php 第 229 行.
NOTIC: [2] Cannot modify header information - headers already sent by (output started at D:\phpwebapp\MyTKP\ThinkPHP\Common\functions.php:102) D:\phpwebapp\MyTKP\ThinkPHP\Library\Think\Think.class.php 第 230 行.

[ 2016-06-17T11:10:35+08:00 ] 127.0.0.1 /MyTKP/index.php/Home/Class/loadClass
INFO: [ app_init ] --START--
INFO: Run Behavior\BuildLiteBehavior [ RunTime:0.001000s ]
INFO: [ app_init ] --END-- [ RunTime:0.004000s ]
INFO: [ app_begin ] --START--
INFO: Run Behavior\ReadHtmlCacheBehavior [ RunTime:0.002000s ]
INFO: [ app_begin ] --END-- [ RunTime:0.004000s ]
ERR: 无法加载数据库驱动: Think\Db\Driver\
NOTIC: [2] Cannot modify header information - headers already sent by (output started at D:\phpwebapp\MyTKP\ThinkPHP\Common\functions.php:102) D:\phpwebapp\MyTKP\ThinkPHP\Library\Think\Think.class.php 第 229 行.
NOTIC: [2] Cannot modify header information - headers already sent by (output started at D:\phpwebapp\MyTKP\ThinkPHP\Common\functions.php:102) D:\phpwebapp\MyTKP\ThinkPHP\Library\Think\Think.class.php 第 230 行.

[ 2016-06-17T11:11:32+08:00 ] 127.0.0.1 /MyTKP/index.php/Home/Class/loadClass
INFO: [ app_init ] --START--
INFO: Run Behavior\BuildLiteBehavior [ RunTime:0.000000s ]
INFO: [ app_init ] --END-- [ RunTime:0.003000s ]
INFO: [ app_begin ] --START--
INFO: Run Behavior\ReadHtmlCacheBehavior [ RunTime:0.003000s ]
INFO: [ app_begin ] --END-- [ RunTime:0.005000s ]
NOTIC: [8] Undefined variable: connect D:\phpwebapp\MyTKP\Application\Home\Controller\ClassController.class.php 第 12 行.
ERR: 无法加载数据库驱动: Think\Db\Driver\
NOTIC: [2] Cannot modify header information - headers already sent by (output started at D:\phpwebapp\MyTKP\ThinkPHP\Common\functions.php:102) D:\phpwebapp\MyTKP\ThinkPHP\Library\Think\Think.class.php 第 229 行.
NOTIC: [2] Cannot modify header information - headers already sent by (output started at D:\phpwebapp\MyTKP\ThinkPHP\Common\functions.php:102) D:\phpwebapp\MyTKP\ThinkPHP\Library\Think\Think.class.php 第 230 行.

[ 2016-06-17T11:11:34+08:00 ] 127.0.0.1 /MyTKP/index.php/Home/Class/loadClass
INFO: [ app_init ] --START--
INFO: Run Behavior\BuildLiteBehavior [ RunTime:0.000000s ]
INFO: [ app_init ] --END-- [ RunTime:0.005000s ]
INFO: [ app_begin ] --START--
INFO: Run Behavior\ReadHtmlCacheBehavior [ RunTime:0.002000s ]
INFO: [ app_begin ] --END-- [ RunTime:0.004000s ]
NOTIC: [8] Undefined variable: connect D:\phpwebapp\MyTKP\Application\Home\Controller\ClassController.class.php 第 12 行.
ERR: 无法加载数据库驱动: Think\Db\Driver\
NOTIC: [2] Cannot modify header information - headers already sent by (output started at D:\phpwebapp\MyTKP\ThinkPHP\Common\functions.php:102) D:\phpwebapp\MyTKP\ThinkPHP\Library\Think\Think.class.php 第 229 行.
NOTIC: [2] Cannot modify header information - headers already sent by (output started at D:\phpwebapp\MyTKP\ThinkPHP\Common\functions.php:102) D:\phpwebapp\MyTKP\ThinkPHP\Library\Think\Think.class.php 第 230 行.

[ 2016-06-17T11:11:35+08:00 ] 127.0.0.1 /MyTKP/index.php/Home/Class/loadClass
INFO: [ app_init ] --START--
INFO: Run Behavior\BuildLiteBehavior [ RunTime:0.000000s ]
INFO: [ app_init ] --END-- [ RunTime:0.003000s ]
INFO: [ app_begin ] --START--
INFO: Run Behavior\ReadHtmlCacheBehavior [ RunTime:0.002000s ]
INFO: [ app_begin ] --END-- [ RunTime:0.004000s ]
NOTIC: [8] Undefined variable: connect D:\phpwebapp\MyTKP\Application\Home\Controller\ClassController.class.php 第 12 行.
ERR: 无法加载数据库驱动: Think\Db\Driver\
NOTIC: [2] Cannot modify header information - headers already sent by (output started at D:\phpwebapp\MyTKP\ThinkPHP\Common\functions.php:102) D:\phpwebapp\MyTKP\ThinkPHP\Library\Think\Think.class.php 第 229 行.
NOTIC: [2] Cannot modify header information - headers already sent by (output started at D:\phpwebapp\MyTKP\ThinkPHP\Common\functions.php:102) D:\phpwebapp\MyTKP\ThinkPHP\Library\Think\Think.class.php 第 230 行.

[ 2016-06-17T11:11:35+08:00 ] 127.0.0.1 /MyTKP/index.php/Home/Class/loadClass
INFO: [ app_init ] --START--
INFO: Run Behavior\BuildLiteBehavior [ RunTime:0.001000s ]
INFO: [ app_init ] --END-- [ RunTime:0.003000s ]
INFO: [ app_begin ] --START--
INFO: Run Behavior\ReadHtmlCacheBehavior [ RunTime:0.002000s ]
INFO: [ app_begin ] --END-- [ RunTime:0.004000s ]
NOTIC: [8] Undefined variable: connect D:\phpwebapp\MyTKP\Application\Home\Controller\ClassController.class.php 第 12 行.
ERR: 无法加载数据库驱动: Think\Db\Driver\
NOTIC: [2] Cannot modify header information - headers already sent by (output started at D:\phpwebapp\MyTKP\ThinkPHP\Common\functions.php:102) D:\phpwebapp\MyTKP\ThinkPHP\Library\Think\Think.class.php 第 229 行.
NOTIC: [2] Cannot modify header information - headers already sent by (output started at D:\phpwebapp\MyTKP\ThinkPHP\Common\functions.php:102) D:\phpwebapp\MyTKP\ThinkPHP\Library\Think\Think.class.php 第 230 行.

[ 2016-06-17T11:11:35+08:00 ] 127.0.0.1 /MyTKP/index.php/Home/Class/loadClass
INFO: [ app_init ] --START--
INFO: Run Behavior\BuildLiteBehavior [ RunTime:0.001000s ]
INFO: [ app_init ] --END-- [ RunTime:0.003000s ]
INFO: [ app_begin ] --START--
INFO: Run Behavior\ReadHtmlCacheBehavior [ RunTime:0.002000s ]
INFO: [ app_begin ] --END-- [ RunTime:0.004000s ]
NOTIC: [8] Undefined variable: connect D:\phpwebapp\MyTKP\Application\Home\Controller\ClassController.class.php 第 12 行.
ERR: 无法加载数据库驱动: Think\Db\Driver\
NOTIC: [2] Cannot modify header information - headers already sent by (output started at D:\phpwebapp\MyTKP\ThinkPHP\Common\functions.php:102) D:\phpwebapp\MyTKP\ThinkPHP\Library\Think\Think.class.php 第 229 行.
NOTIC: [2] Cannot modify header information - headers already sent by (output started at D:\phpwebapp\MyTKP\ThinkPHP\Common\functions.php:102) D:\phpwebapp\MyTKP\ThinkPHP\Library\Think\Think.class.php 第 230 行.

[ 2016-06-17T11:14:00+08:00 ] 127.0.0.1 /MyTKP/index.php/Home/Class/loadClass
INFO: [ app_init ] --START--
INFO: Run Behavior\BuildLiteBehavior [ RunTime:0.001000s ]
INFO: [ app_init ] --END-- [ RunTime:0.003000s ]
INFO: [ app_begin ] --START--
INFO: Run Behavior\ReadHtmlCacheBehavior [ RunTime:0.002001s ]
INFO: [ app_begin ] --END-- [ RunTime:0.004001s ]
ERR: 无法加载数据库驱动: Think\Db\Driver\
NOTIC: [2] Cannot modify header information - headers already sent by (output started at D:\phpwebapp\MyTKP\ThinkPHP\Common\functions.php:102) D:\phpwebapp\MyTKP\ThinkPHP\Library\Think\Think.class.php 第 229 行.
NOTIC: [2] Cannot modify header information - headers already sent by (output started at D:\phpwebapp\MyTKP\ThinkPHP\Common\functions.php:102) D:\phpwebapp\MyTKP\ThinkPHP\Library\Think\Think.class.php 第 230 行.

[ 2016-06-17T11:14:01+08:00 ] 127.0.0.1 /MyTKP/index.php/Home/Class/loadClass
INFO: [ app_init ] --START--
INFO: Run Behavior\BuildLiteBehavior [ RunTime:0.000000s ]
INFO: [ app_init ] --END-- [ RunTime:0.003000s ]
INFO: [ app_begin ] --START--
INFO: Run Behavior\ReadHtmlCacheBehavior [ RunTime:0.001000s ]
INFO: [ app_begin ] --END-- [ RunTime:0.003000s ]
ERR: 无法加载数据库驱动: Think\Db\Driver\
NOTIC: [2] Cannot modify header information - headers already sent by (output started at D:\phpwebapp\MyTKP\ThinkPHP\Common\functions.php:102) D:\phpwebapp\MyTKP\ThinkPHP\Library\Think\Think.class.php 第 229 行.
NOTIC: [2] Cannot modify header information - headers already sent by (output started at D:\phpwebapp\MyTKP\ThinkPHP\Common\functions.php:102) D:\phpwebapp\MyTKP\ThinkPHP\Library\Think\Think.class.php 第 230 行.

[ 2016-06-17T11:16:00+08:00 ] 127.0.0.1 /MyTKP/index.php/Home/Class/loadClass
INFO: [ app_init ] --START--
INFO: Run Behavior\BuildLiteBehavior [ RunTime:0.001000s ]
INFO: [ app_init ] --END-- [ RunTime:0.006001s ]
INFO: [ app_begin ] --START--
INFO: Run Behavior\ReadHtmlCacheBehavior [ RunTime:0.002000s ]
INFO: [ app_begin ] --END-- [ RunTime:0.004000s ]
ERR: 无法加载数据库驱动: Think\Db\Driver\
NOTIC: [2] Cannot modify header information - headers already sent by (output started at D:\phpwebapp\MyTKP\ThinkPHP\Common\functions.php:102) D:\phpwebapp\MyTKP\ThinkPHP\Library\Think\Think.class.php 第 229 行.
NOTIC: [2] Cannot modify header information - headers already sent by (output started at D:\phpwebapp\MyTKP\ThinkPHP\Common\functions.php:102) D:\phpwebapp\MyTKP\ThinkPHP\Library\Think\Think.class.php 第 230 行.

[ 2016-06-17T11:16:17+08:00 ] 127.0.0.1 /MyTKP/index.php/Home/Class/loadClass
INFO: [ app_init ] --START--
INFO: Run Behavior\BuildLiteBehavior [ RunTime:0.000000s ]
INFO: [ app_init ] --END-- [ RunTime:0.003000s ]
INFO: [ app_begin ] --START--
INFO: Run Behavior\ReadHtmlCacheBehavior [ RunTime:0.003000s ]
INFO: [ app_begin ] --END-- [ RunTime:0.005000s ]
INFO: [ app_end ] --START--
INFO: Run Behavior\ShowPageTraceBehavior [ RunTime:0.003000s ]
INFO: [ app_end ] --END-- [ RunTime:0.005000s ]

[ 2016-06-17T11:17:32+08:00 ] 127.0.0.1 /MyTKP/index.php/Home/Class/loadClass
INFO: [ app_init ] --START--
INFO: Run Behavior\BuildLiteBehavior [ RunTime:0.000000s ]
INFO: [ app_init ] --END-- [ RunTime:0.002000s ]
INFO: [ app_begin ] --START--
INFO: Run Behavior\ReadHtmlCacheBehavior [ RunTime:0.002000s ]
INFO: [ app_begin ] --END-- [ RunTime:0.004001s ]
ERR: 无法加载数据库驱动: Think\Db\Driver\
NOTIC: [2] Cannot modify header information - headers already sent by (output started at D:\phpwebapp\MyTKP\ThinkPHP\Common\functions.php:102) D:\phpwebapp\MyTKP\ThinkPHP\Library\Think\Think.class.php 第 229 行.
NOTIC: [2] Cannot modify header information - headers already sent by (output started at D:\phpwebapp\MyTKP\ThinkPHP\Common\functions.php:102) D:\phpwebapp\MyTKP\ThinkPHP\Library\Think\Think.class.php 第 230 行.

[ 2016-06-17T11:19:29+08:00 ] 127.0.0.1 /MyTKP/index.php/Home/Class/loadClass
INFO: [ app_init ] --START--
INFO: Run Behavior\BuildLiteBehavior [ RunTime:0.001000s ]
INFO: [ app_init ] --END-- [ RunTime:0.003001s ]
INFO: [ app_begin ] --START--
INFO: Run Behavior\ReadHtmlCacheBehavior [ RunTime:0.002000s ]
INFO: [ app_begin ] --END-- [ RunTime:0.004000s ]
ERR: 无法加载数据库驱动: Think\Db\Driver\
NOTIC: [2] Cannot modify header information - headers already sent by (output started at D:\phpwebapp\MyTKP\ThinkPHP\Common\functions.php:102) D:\phpwebapp\MyTKP\ThinkPHP\Library\Think\Think.class.php 第 229 行.
NOTIC: [2] Cannot modify header information - headers already sent by (output started at D:\phpwebapp\MyTKP\ThinkPHP\Common\functions.php:102) D:\phpwebapp\MyTKP\ThinkPHP\Library\Think\Think.class.php 第 230 行.

[ 2016-06-17T11:20:26+08:00 ] 127.0.0.1 /MyTKP/index.php/Home/Class/loadClass
INFO: [ app_init ] --START--
INFO: Run Behavior\BuildLiteBehavior [ RunTime:0.001000s ]
INFO: [ app_init ] --END-- [ RunTime:0.003000s ]
INFO: [ app_begin ] --START--
INFO: Run Behavior\ReadHtmlCacheBehavior [ RunTime:0.002000s ]
INFO: [ app_begin ] --END-- [ RunTime:0.004000s ]
ERR: 无法加载数据库驱动: Think\Db\Driver\
NOTIC: [2] Cannot modify header information - headers already sent by (output started at D:\phpwebapp\MyTKP\ThinkPHP\Common\functions.php:102) D:\phpwebapp\MyTKP\ThinkPHP\Library\Think\Think.class.php 第 229 行.
NOTIC: [2] Cannot modify header information - headers already sent by (output started at D:\phpwebapp\MyTKP\ThinkPHP\Common\functions.php:102) D:\phpwebapp\MyTKP\ThinkPHP\Library\Think\Think.class.php 第 230 行.

[ 2016-06-17T11:20:27+08:00 ] 127.0.0.1 /MyTKP/index.php/Home/Class/loadClass
INFO: [ app_init ] --START--
INFO: Run Behavior\BuildLiteBehavior [ RunTime:0.001000s ]
INFO: [ app_init ] --END-- [ RunTime:0.003000s ]
INFO: [ app_begin ] --START--
INFO: Run Behavior\ReadHtmlCacheBehavior [ RunTime:0.002000s ]
INFO: [ app_begin ] --END-- [ RunTime:0.004001s ]
ERR: 无法加载数据库驱动: Think\Db\Driver\
NOTIC: [2] Cannot modify header information - headers already sent by (output started at D:\phpwebapp\MyTKP\ThinkPHP\Common\functions.php:102) D:\phpwebapp\MyTKP\ThinkPHP\Library\Think\Think.class.php 第 229 行.
NOTIC: [2] Cannot modify header information - headers already sent by (output started at D:\phpwebapp\MyTKP\ThinkPHP\Common\functions.php:102) D:\phpwebapp\MyTKP\ThinkPHP\Library\Think\Think.class.php 第 230 行.

[ 2016-06-17T11:20:27+08:00 ] 127.0.0.1 /MyTKP/index.php/Home/Class/loadClass
INFO: [ app_init ] --START--
INFO: Run Behavior\BuildLiteBehavior [ RunTime:0.001000s ]
INFO: [ app_init ] --END-- [ RunTime:0.004000s ]
INFO: [ app_begin ] --START--
INFO: Run Behavior\ReadHtmlCacheBehavior [ RunTime:0.002001s ]
INFO: [ app_begin ] --END-- [ RunTime:0.005001s ]
ERR: 无法加载数据库驱动: Think\Db\Driver\
NOTIC: [2] Cannot modify header information - headers already sent by (output started at D:\phpwebapp\MyTKP\ThinkPHP\Common\functions.php:102) D:\phpwebapp\MyTKP\ThinkPHP\Library\Think\Think.class.php 第 229 行.
NOTIC: [2] Cannot modify header information - headers already sent by (output started at D:\phpwebapp\MyTKP\ThinkPHP\Common\functions.php:102) D:\phpwebapp\MyTKP\ThinkPHP\Library\Think\Think.class.php 第 230 行.

[ 2016-06-17T11:20:27+08:00 ] 127.0.0.1 /MyTKP/index.php/Home/Class/loadClass
INFO: [ app_init ] --START--
INFO: Run Behavior\BuildLiteBehavior [ RunTime:0.000000s ]
INFO: [ app_init ] --END-- [ RunTime:0.003000s ]
INFO: [ app_begin ] --START--
INFO: Run Behavior\ReadHtmlCacheBehavior [ RunTime:0.002000s ]
INFO: [ app_begin ] --END-- [ RunTime:0.005000s ]
ERR: 无法加载数据库驱动: Think\Db\Driver\
NOTIC: [2] Cannot modify header information - headers already sent by (output started at D:\phpwebapp\MyTKP\ThinkPHP\Common\functions.php:102) D:\phpwebapp\MyTKP\ThinkPHP\Library\Think\Think.class.php 第 229 行.
NOTIC: [2] Cannot modify header information - headers already sent by (output started at D:\phpwebapp\MyTKP\ThinkPHP\Common\functions.php:102) D:\phpwebapp\MyTKP\ThinkPHP\Library\Think\Think.class.php 第 230 行.

[ 2016-06-17T11:20:27+08:00 ] 127.0.0.1 /MyTKP/index.php/Home/Class/loadClass
INFO: [ app_init ] --START--
INFO: Run Behavior\BuildLiteBehavior [ RunTime:0.000000s ]
INFO: [ app_init ] --END-- [ RunTime:0.004001s ]
INFO: [ app_begin ] --START--
INFO: Run Behavior\ReadHtmlCacheBehavior [ RunTime:0.001000s ]
INFO: [ app_begin ] --END-- [ RunTime:0.004000s ]
ERR: 无法加载数据库驱动: Think\Db\Driver\
NOTIC: [2] Cannot modify header information - headers already sent by (output started at D:\phpwebapp\MyTKP\ThinkPHP\Common\functions.php:102) D:\phpwebapp\MyTKP\ThinkPHP\Library\Think\Think.class.php 第 229 行.
NOTIC: [2] Cannot modify header information - headers already sent by (output started at D:\phpwebapp\MyTKP\ThinkPHP\Common\functions.php:102) D:\phpwebapp\MyTKP\ThinkPHP\Library\Think\Think.class.php 第 230 行.

[ 2016-06-17T11:20:28+08:00 ] 127.0.0.1 /MyTKP/index.php/Home/Class/loadClass
INFO: [ app_init ] --START--
INFO: Run Behavior\BuildLiteBehavior [ RunTime:0.000000s ]
INFO: [ app_init ] --END-- [ RunTime:0.003000s ]
INFO: [ app_begin ] --START--
INFO: Run Behavior\ReadHtmlCacheBehavior [ RunTime:0.002001s ]
INFO: [ app_begin ] --END-- [ RunTime:0.005001s ]
ERR: 无法加载数据库驱动: Think\Db\Driver\
NOTIC: [2] Cannot modify header information - headers already sent by (output started at D:\phpwebapp\MyTKP\ThinkPHP\Common\functions.php:102) D:\phpwebapp\MyTKP\ThinkPHP\Library\Think\Think.class.php 第 229 行.
NOTIC: [2] Cannot modify header information - headers already sent by (output started at D:\phpwebapp\MyTKP\ThinkPHP\Common\functions.php:102) D:\phpwebapp\MyTKP\ThinkPHP\Library\Think\Think.class.php 第 230 行.

[ 2016-06-17T11:20:28+08:00 ] 127.0.0.1 /MyTKP/index.php/Home/Class/loadClass
INFO: [ app_init ] --START--
INFO: Run Behavior\BuildLiteBehavior [ RunTime:0.000000s ]
INFO: [ app_init ] --END-- [ RunTime:0.003000s ]
INFO: [ app_begin ] --START--
INFO: Run Behavior\ReadHtmlCacheBehavior [ RunTime:0.002000s ]
INFO: [ app_begin ] --END-- [ RunTime:0.004000s ]
ERR: 无法加载数据库驱动: Think\Db\Driver\
NOTIC: [2] Cannot modify header information - headers already sent by (output started at D:\phpwebapp\MyTKP\ThinkPHP\Common\functions.php:102) D:\phpwebapp\MyTKP\ThinkPHP\Library\Think\Think.class.php 第 229 行.
NOTIC: [2] Cannot modify header information - headers already sent by (output started at D:\phpwebapp\MyTKP\ThinkPHP\Common\functions.php:102) D:\phpwebapp\MyTKP\ThinkPHP\Library\Think\Think.class.php 第 230 行.

[ 2016-06-17T11:20:28+08:00 ] 127.0.0.1 /MyTKP/index.php/Home/Class/loadClass
INFO: [ app_init ] --START--
INFO: Run Behavior\BuildLiteBehavior [ RunTime:0.000000s ]
INFO: [ app_init ] --END-- [ RunTime:0.003000s ]
INFO: [ app_begin ] --START--
INFO: Run Behavior\ReadHtmlCacheBehavior [ RunTime:0.003001s ]
INFO: [ app_begin ] --END-- [ RunTime:0.005001s ]
ERR: 无法加载数据库驱动: Think\Db\Driver\
NOTIC: [2] Cannot modify header information - headers already sent by (output started at D:\phpwebapp\MyTKP\ThinkPHP\Common\functions.php:102) D:\phpwebapp\MyTKP\ThinkPHP\Library\Think\Think.class.php 第 229 行.
NOTIC: [2] Cannot modify header information - headers already sent by (output started at D:\phpwebapp\MyTKP\ThinkPHP\Common\functions.php:102) D:\phpwebapp\MyTKP\ThinkPHP\Library\Think\Think.class.php 第 230 行.

[ 2016-06-17T11:20:28+08:00 ] 127.0.0.1 /MyTKP/index.php/Home/Class/loadClass
INFO: [ app_init ] --START--
INFO: Run Behavior\BuildLiteBehavior [ RunTime:0.001000s ]
INFO: [ app_init ] --END-- [ RunTime:0.003000s ]
INFO: [ app_begin ] --START--
INFO: Run Behavior\ReadHtmlCacheBehavior [ RunTime:0.003000s ]
INFO: [ app_begin ] --END-- [ RunTime:0.005000s ]
ERR: 无法加载数据库驱动: Think\Db\Driver\
NOTIC: [2] Cannot modify header information - headers already sent by (output started at D:\phpwebapp\MyTKP\ThinkPHP\Common\functions.php:102) D:\phpwebapp\MyTKP\ThinkPHP\Library\Think\Think.class.php 第 229 行.
NOTIC: [2] Cannot modify header information - headers already sent by (output started at D:\phpwebapp\MyTKP\ThinkPHP\Common\functions.php:102) D:\phpwebapp\MyTKP\ThinkPHP\Library\Think\Think.class.php 第 230 行.

[ 2016-06-17T11:21:59+08:00 ] 127.0.0.1 /MyTKP/index.php/Home/Class/loadClass
INFO: [ app_init ] --START--
INFO: Run Behavior\BuildLiteBehavior [ RunTime:0.000000s ]
INFO: [ app_init ] --END-- [ RunTime:0.004000s ]
INFO: [ app_begin ] --START--
INFO: Run Behavior\ReadHtmlCacheBehavior [ RunTime:0.002000s ]
INFO: [ app_begin ] --END-- [ RunTime:0.005001s ]
ERR: 无法加载数据库驱动: Think\Db\Driver\
NOTIC: [2] Cannot modify header information - headers already sent by (output started at D:\phpwebapp\MyTKP\ThinkPHP\Common\functions.php:102) D:\phpwebapp\MyTKP\ThinkPHP\Library\Think\Think.class.php 第 229 行.
NOTIC: [2] Cannot modify header information - headers already sent by (output started at D:\phpwebapp\MyTKP\ThinkPHP\Common\functions.php:102) D:\phpwebapp\MyTKP\ThinkPHP\Library\Think\Think.class.php 第 230 行.

[ 2016-06-17T11:23:47+08:00 ] 127.0.0.1 /MyTKP/index.php/Home/Class/loadClass
INFO: [ app_init ] --START--
INFO: Run Behavior\BuildLiteBehavior [ RunTime:0.001000s ]
INFO: [ app_init ] --END-- [ RunTime:0.003000s ]
INFO: [ app_begin ] --START--
INFO: Run Behavior\ReadHtmlCacheBehavior [ RunTime:0.002000s ]
INFO: [ app_begin ] --END-- [ RunTime:0.005000s ]
ERR: 无法加载数据库驱动: Think\Db\Driver\
NOTIC: [2] Cannot modify header information - headers already sent by (output started at D:\phpwebapp\MyTKP\ThinkPHP\Common\functions.php:102) D:\phpwebapp\MyTKP\ThinkPHP\Library\Think\Think.class.php 第 229 行.
NOTIC: [2] Cannot modify header information - headers already sent by (output started at D:\phpwebapp\MyTKP\ThinkPHP\Common\functions.php:102) D:\phpwebapp\MyTKP\ThinkPHP\Library\Think\Think.class.php 第 230 行.

[ 2016-06-17T11:23:48+08:00 ] 127.0.0.1 /MyTKP/index.php/Home/Class/loadClass
INFO: [ app_init ] --START--
INFO: Run Behavior\BuildLiteBehavior [ RunTime:0.000000s ]
INFO: [ app_init ] --END-- [ RunTime:0.003000s ]
INFO: [ app_begin ] --START--
INFO: Run Behavior\ReadHtmlCacheBehavior [ RunTime:0.002001s ]
INFO: [ app_begin ] --END-- [ RunTime:0.005001s ]
ERR: 无法加载数据库驱动: Think\Db\Driver\
NOTIC: [2] Cannot modify header information - headers already sent by (output started at D:\phpwebapp\MyTKP\ThinkPHP\Common\functions.php:102) D:\phpwebapp\MyTKP\ThinkPHP\Library\Think\Think.class.php 第 229 行.
NOTIC: [2] Cannot modify header information - headers already sent by (output started at D:\phpwebapp\MyTKP\ThinkPHP\Common\functions.php:102) D:\phpwebapp\MyTKP\ThinkPHP\Library\Think\Think.class.php 第 230 行.

[ 2016-06-17T11:23:48+08:00 ] 127.0.0.1 /MyTKP/index.php/Home/Class/loadClass
INFO: [ app_init ] --START--
INFO: Run Behavior\BuildLiteBehavior [ RunTime:0.000000s ]
INFO: [ app_init ] --END-- [ RunTime:0.002000s ]
INFO: [ app_begin ] --START--
INFO: Run Behavior\ReadHtmlCacheBehavior [ RunTime:0.002000s ]
INFO: [ app_begin ] --END-- [ RunTime:0.005000s ]
ERR: 无法加载数据库驱动: Think\Db\Driver\
NOTIC: [2] Cannot modify header information - headers already sent by (output started at D:\phpwebapp\MyTKP\ThinkPHP\Common\functions.php:102) D:\phpwebapp\MyTKP\ThinkPHP\Library\Think\Think.class.php 第 229 行.
NOTIC: [2] Cannot modify header information - headers already sent by (output started at D:\phpwebapp\MyTKP\ThinkPHP\Common\functions.php:102) D:\phpwebapp\MyTKP\ThinkPHP\Library\Think\Think.class.php 第 230 行.

[ 2016-06-17T11:23:48+08:00 ] 127.0.0.1 /MyTKP/index.php/Home/Class/loadClass
INFO: [ app_init ] --START--
INFO: Run Behavior\BuildLiteBehavior [ RunTime:0.001000s ]
INFO: [ app_init ] --END-- [ RunTime:0.003000s ]
INFO: [ app_begin ] --START--
INFO: Run Behavior\ReadHtmlCacheBehavior [ RunTime:0.002000s ]
INFO: [ app_begin ] --END-- [ RunTime:0.004000s ]
ERR: 无法加载数据库驱动: Think\Db\Driver\
NOTIC: [2] Cannot modify header information - headers already sent by (output started at D:\phpwebapp\MyTKP\ThinkPHP\Common\functions.php:102) D:\phpwebapp\MyTKP\ThinkPHP\Library\Think\Think.class.php 第 229 行.
NOTIC: [2] Cannot modify header information - headers already sent by (output started at D:\phpwebapp\MyTKP\ThinkPHP\Common\functions.php:102) D:\phpwebapp\MyTKP\ThinkPHP\Library\Think\Think.class.php 第 230 行.

[ 2016-06-17T11:23:49+08:00 ] 127.0.0.1 /MyTKP/index.php/Home/Class/loadClass
INFO: [ app_init ] --START--
INFO: Run Behavior\BuildLiteBehavior [ RunTime:0.000000s ]
INFO: [ app_init ] --END-- [ RunTime:0.003000s ]
INFO: [ app_begin ] --START--
INFO: Run Behavior\ReadHtmlCacheBehavior [ RunTime:0.002000s ]
INFO: [ app_begin ] --END-- [ RunTime:0.004001s ]
ERR: 无法加载数据库驱动: Think\Db\Driver\
NOTIC: [2] Cannot modify header information - headers already sent by (output started at D:\phpwebapp\MyTKP\ThinkPHP\Common\functions.php:102) D:\phpwebapp\MyTKP\ThinkPHP\Library\Think\Think.class.php 第 229 行.
NOTIC: [2] Cannot modify header information - headers already sent by (output started at D:\phpwebapp\MyTKP\ThinkPHP\Common\functions.php:102) D:\phpwebapp\MyTKP\ThinkPHP\Library\Think\Think.class.php 第 230 行.

[ 2016-06-17T11:25:01+08:00 ] 127.0.0.1 /MyTKP/index.php/Home/Class/loadClass
INFO: [ app_init ] --START--
INFO: Run Behavior\BuildLiteBehavior [ RunTime:0.001000s ]
INFO: [ app_init ] --END-- [ RunTime:0.004000s ]
INFO: [ app_begin ] --START--
INFO: Run Behavior\ReadHtmlCacheBehavior [ RunTime:0.002000s ]
INFO: [ app_begin ] --END-- [ RunTime:0.004001s ]
INFO: [ app_end ] --START--
INFO: Run Behavior\ShowPageTraceBehavior [ RunTime:0.003000s ]
INFO: [ app_end ] --END-- [ RunTime:0.007001s ]

[ 2016-06-17T11:28:53+08:00 ] 127.0.0.1 /MyTKP/index.php/Home/Class/loadClass
INFO: [ app_init ] --START--
INFO: Run Behavior\BuildLiteBehavior [ RunTime:0.000000s ]
INFO: [ app_init ] --END-- [ RunTime:0.003000s ]
INFO: [ app_begin ] --START--
INFO: Run Behavior\ReadHtmlCacheBehavior [ RunTime:0.002001s ]
INFO: [ app_begin ] --END-- [ RunTime:0.004001s ]
INFO: [ app_end ] --START--
INFO: Run Behavior\ShowPageTraceBehavior [ RunTime:0.002000s ]
INFO: [ app_end ] --END-- [ RunTime:0.005000s ]

[ 2016-06-17T11:30:32+08:00 ] 127.0.0.1 /MyTKP/index.php/Home/Class/loadClass
INFO: [ app_init ] --START--
INFO: Run Behavior\BuildLiteBehavior [ RunTime:0.000000s ]
INFO: [ app_init ] --END-- [ RunTime:0.003000s ]
INFO: [ app_begin ] --START--
INFO: Run Behavior\ReadHtmlCacheBehavior [ RunTime:0.002001s ]
INFO: [ app_begin ] --END-- [ RunTime:0.005001s ]
SQL: SHOW COLUMNS FROM `class` [ RunTime:0.0220s ]
SQL: SELECT * FROM `class`  [ RunTime:0.0000s ]
INFO: [ app_end ] --START--
INFO: Run Behavior\ShowPageTraceBehavior [ RunTime:0.001000s ]
INFO: [ app_end ] --END-- [ RunTime:0.003000s ]

[ 2016-06-17T11:32:05+08:00 ] 127.0.0.1 /MyTKP/index.php/Home/Class/loadClass
INFO: [ app_init ] --START--
INFO: Run Behavior\BuildLiteBehavior [ RunTime:0.000000s ]
INFO: [ app_init ] --END-- [ RunTime:0.003000s ]
INFO: [ app_begin ] --START--
INFO: Run Behavior\ReadHtmlCacheBehavior [ RunTime:0.002000s ]
INFO: [ app_begin ] --END-- [ RunTime:0.004000s ]
SQL: SHOW COLUMNS FROM `class` [ RunTime:0.0190s ]
SQL: SELECT * FROM `class`  [ RunTime:0.0010s ]
INFO: [ app_end ] --START--
INFO: Run Behavior\ShowPageTraceBehavior [ RunTime:0.003000s ]
INFO: [ app_end ] --END-- [ RunTime:0.005000s ]

[ 2016-06-17T11:33:08+08:00 ] 127.0.0.1 /MyTKP/index.php/Home/Class/loadClass
INFO: [ app_init ] --START--
INFO: Run Behavior\BuildLiteBehavior [ RunTime:0.001000s ]
INFO: [ app_init ] --END-- [ RunTime:0.004000s ]
INFO: [ app_begin ] --START--
INFO: Run Behavior\ReadHtmlCacheBehavior [ RunTime:0.002000s ]
INFO: [ app_begin ] --END-- [ RunTime:0.004000s ]
NOTIC: [8] Use of undefined constant DB_SDN - assumed 'DB_SDN' D:\phpwebapp\MyTKP\Application\Home\Controller\ClassController.class.php 第 22 行.
ERR: 无法加载数据库驱动: Think\Db\Driver\
NOTIC: [2] Cannot modify header information - headers already sent by (output started at D:\phpwebapp\MyTKP\ThinkPHP\Common\functions.php:102) D:\phpwebapp\MyTKP\ThinkPHP\Library\Think\Think.class.php 第 229 行.
NOTIC: [2] Cannot modify header information - headers already sent by (output started at D:\phpwebapp\MyTKP\ThinkPHP\Common\functions.php:102) D:\phpwebapp\MyTKP\ThinkPHP\Library\Think\Think.class.php 第 230 行.

[ 2016-06-17T11:33:30+08:00 ] 127.0.0.1 /MyTKP/index.php/Home/Class/loadClass
INFO: [ app_init ] --START--
INFO: Run Behavior\BuildLiteBehavior [ RunTime:0.000000s ]
INFO: [ app_init ] --END-- [ RunTime:0.003001s ]
INFO: [ app_begin ] --START--
INFO: Run Behavior\ReadHtmlCacheBehavior [ RunTime:0.002000s ]
INFO: [ app_begin ] --END-- [ RunTime:0.004000s ]
INFO: [ app_end ] --START--
INFO: Run Behavior\ShowPageTraceBehavior [ RunTime:0.003000s ]
INFO: [ app_end ] --END-- [ RunTime:0.007000s ]

