[ 2016-06-16T10:27:52+08:00 ] 127.0.0.1 /MyTKP/index.php/Home/User/index/id/3/name/aaa
INFO: [ app_init ] --START--
INFO: Run Behavior\BuildLiteBehavior [ RunTime:0.000000s ]
INFO: [ app_init ] --END-- [ RunTime:0.004000s ]
INFO: [ app_begin ] --START--
INFO: Run Behavior\ReadHtmlCacheBehavior [ RunTime:0.004001s ]
INFO: [ app_begin ] --END-- [ RunTime:0.006001s ]
ERR: 无法加载控制器:User/index

[ 2016-06-16T10:27:52+08:00 ] 127.0.0.1 /MyTKP/index.php/Home/User/index/id/3/name/aaa
INFO: [ app_init ] --START--
INFO: Run Behavior\BuildLiteBehavior [ RunTime:0.000000s ]
INFO: [ app_init ] --END-- [ RunTime:0.005000s ]
INFO: [ app_begin ] --START--
INFO: Run Behavior\ReadHtmlCacheBehavior [ RunTime:0.002000s ]
INFO: [ app_begin ] --END-- [ RunTime:0.004001s ]
ERR: 无法加载控制器:User/index

[ 2016-06-16T10:28:27+08:00 ] 127.0.0.1 /MyTKP/index.php/Home/index/id/3/name/aaa
INFO: [ app_init ] --START--
INFO: Run Behavior\BuildLiteBehavior [ RunTime:0.000000s ]
INFO: [ app_init ] --END-- [ RunTime:0.003000s ]
INFO: [ app_begin ] --START--
INFO: Run Behavior\ReadHtmlCacheBehavior [ RunTime:0.005001s ]
INFO: [ app_begin ] --END-- [ RunTime:0.007001s ]
ERR: 无法加载控制器:Index/id

[ 2016-06-16T10:28:27+08:00 ] 127.0.0.1 /MyTKP/index.php/Home/index/id/3/name/aaa
INFO: [ app_init ] --START--
INFO: Run Behavior\BuildLiteBehavior [ RunTime:0.000000s ]
INFO: [ app_init ] --END-- [ RunTime:0.003000s ]
INFO: [ app_begin ] --START--
INFO: Run Behavior\ReadHtmlCacheBehavior [ RunTime:0.002000s ]
INFO: [ app_begin ] --END-- [ RunTime:0.005000s ]
ERR: 无法加载控制器:Index/id

[ 2016-06-16T10:28:29+08:00 ] 127.0.0.1 /MyTKP/index.php/Home/index/id/3/name/aaa
INFO: [ app_init ] --START--
INFO: Run Behavior\BuildLiteBehavior [ RunTime:0.000000s ]
INFO: [ app_init ] --END-- [ RunTime:0.004001s ]
INFO: [ app_begin ] --START--
INFO: Run Behavior\ReadHtmlCacheBehavior [ RunTime:0.002000s ]
INFO: [ app_begin ] --END-- [ RunTime:0.004000s ]
ERR: 无法加载控制器:Index/id

[ 2016-06-16T10:28:29+08:00 ] 127.0.0.1 /MyTKP/index.php/Home/index/id/3/name/aaa
INFO: [ app_init ] --START--
INFO: Run Behavior\BuildLiteBehavior [ RunTime:0.001000s ]
INFO: [ app_init ] --END-- [ RunTime:0.005000s ]
INFO: [ app_begin ] --START--
INFO: Run Behavior\ReadHtmlCacheBehavior [ RunTime:0.002000s ]
INFO: [ app_begin ] --END-- [ RunTime:0.004000s ]
ERR: 无法加载控制器:Index/id

[ 2016-06-16T10:28:54+08:00 ] 127.0.0.1 /MyTKP/index.php/Home/Index/index/id/3/name/aaa
INFO: [ app_init ] --START--
INFO: Run Behavior\BuildLiteBehavior [ RunTime:0.000000s ]
INFO: [ app_init ] --END-- [ RunTime:0.003000s ]
INFO: [ app_begin ] --START--
INFO: Run Behavior\ReadHtmlCacheBehavior [ RunTime:0.002000s ]
INFO: [ app_begin ] --END-- [ RunTime:0.004000s ]
ERR: 无法加载控制器:Index/index

[ 2016-06-16T10:28:54+08:00 ] 127.0.0.1 /MyTKP/index.php/Home/Index/index/id/3/name/aaa
INFO: [ app_init ] --START--
INFO: Run Behavior\BuildLiteBehavior [ RunTime:0.000000s ]
INFO: [ app_init ] --END-- [ RunTime:0.003000s ]
INFO: [ app_begin ] --START--
INFO: Run Behavior\ReadHtmlCacheBehavior [ RunTime:0.002000s ]
INFO: [ app_begin ] --END-- [ RunTime:0.004000s ]
ERR: 无法加载控制器:Index/index

[ 2016-06-16T10:30:33+08:00 ] 127.0.0.1 /MyTKP/index.php/Home/Index/index/id/3/name/aaa
INFO: [ app_init ] --START--
INFO: Run Behavior\BuildLiteBehavior [ RunTime:0.001000s ]
INFO: [ app_init ] --END-- [ RunTime:0.003000s ]
INFO: [ app_begin ] --START--
INFO: Run Behavior\ReadHtmlCacheBehavior [ RunTime:0.004000s ]
INFO: [ app_begin ] --END-- [ RunTime:0.006000s ]
ERR: 无法加载控制器:Index/index

[ 2016-06-16T10:30:33+08:00 ] 127.0.0.1 /MyTKP/index.php/Home/Index/index/id/3/name/aaa
INFO: [ app_init ] --START--
INFO: Run Behavior\BuildLiteBehavior [ RunTime:0.000000s ]
INFO: [ app_init ] --END-- [ RunTime:0.005001s ]
INFO: [ app_begin ] --START--
INFO: Run Behavior\ReadHtmlCacheBehavior [ RunTime:0.002000s ]
INFO: [ app_begin ] --END-- [ RunTime:0.004000s ]
ERR: 无法加载控制器:Index/index

[ 2016-06-16T10:30:34+08:00 ] 127.0.0.1 /MyTKP/index.php/Home/Index/index/id/3/name/aaa
INFO: [ app_init ] --START--
INFO: Run Behavior\BuildLiteBehavior [ RunTime:0.000000s ]
INFO: [ app_init ] --END-- [ RunTime:0.003000s ]
INFO: [ app_begin ] --START--
INFO: Run Behavior\ReadHtmlCacheBehavior [ RunTime:0.002000s ]
INFO: [ app_begin ] --END-- [ RunTime:0.004000s ]
ERR: 无法加载控制器:Index/index

[ 2016-06-16T10:30:34+08:00 ] 127.0.0.1 /MyTKP/index.php/Home/Index/index/id/3/name/aaa
INFO: [ app_init ] --START--
INFO: Run Behavior\BuildLiteBehavior [ RunTime:0.001000s ]
INFO: [ app_init ] --END-- [ RunTime:0.003000s ]
INFO: [ app_begin ] --START--
INFO: Run Behavior\ReadHtmlCacheBehavior [ RunTime:0.001000s ]
INFO: [ app_begin ] --END-- [ RunTime:0.004001s ]
ERR: 无法加载控制器:Index/index

[ 2016-06-16T10:30:35+08:00 ] 127.0.0.1 /MyTKP/index.php/Home/Index/index/id/3/name/aaa
INFO: [ app_init ] --START--
INFO: Run Behavior\BuildLiteBehavior [ RunTime:0.001000s ]
INFO: [ app_init ] --END-- [ RunTime:0.003000s ]
INFO: [ app_begin ] --START--
INFO: Run Behavior\ReadHtmlCacheBehavior [ RunTime:0.001000s ]
INFO: [ app_begin ] --END-- [ RunTime:0.004000s ]
ERR: 无法加载控制器:Index/index

[ 2016-06-16T10:30:35+08:00 ] 127.0.0.1 /MyTKP/index.php/Home/Index/index/id/3/name/aaa
INFO: [ app_init ] --START--
INFO: Run Behavior\BuildLiteBehavior [ RunTime:0.001000s ]
INFO: [ app_init ] --END-- [ RunTime:0.004000s ]
INFO: [ app_begin ] --START--
INFO: Run Behavior\ReadHtmlCacheBehavior [ RunTime:0.002000s ]
INFO: [ app_begin ] --END-- [ RunTime:0.005000s ]
ERR: 无法加载控制器:Index/index

[ 2016-06-16T10:31:30+08:00 ] 127.0.0.1 /MyTKP/index.php/Home/Index/index/id/3/name/aaa
INFO: [ app_init ] --START--
INFO: Run Behavior\BuildLiteBehavior [ RunTime:0.000000s ]
INFO: [ app_init ] --END-- [ RunTime:0.003001s ]
INFO: [ app_begin ] --START--
INFO: Run Behavior\ReadHtmlCacheBehavior [ RunTime:0.001000s ]
INFO: [ app_begin ] --END-- [ RunTime:0.003000s ]
INFO: [ app_end ] --START--
INFO: Run Behavior\ShowPageTraceBehavior [ RunTime:0.002001s ]
INFO: [ app_end ] --END-- [ RunTime:0.004001s ]

[ 2016-06-16T10:32:01+08:00 ] 127.0.0.1 /MyTKP/index.php/Home/Index/index/id/3/name/aaa
INFO: [ app_init ] --START--
INFO: Run Behavior\BuildLiteBehavior [ RunTime:0.000000s ]
INFO: [ app_init ] --END-- [ RunTime:0.003000s ]
INFO: [ app_begin ] --START--
INFO: Run Behavior\ReadHtmlCacheBehavior [ RunTime:0.001000s ]
INFO: [ app_begin ] --END-- [ RunTime:0.004001s ]
ERR: 无法加载控制器:Index/index

[ 2016-06-16T10:32:01+08:00 ] 127.0.0.1 /MyTKP/index.php/Home/Index/index/id/3/name/aaa
INFO: [ app_init ] --START--
INFO: Run Behavior\BuildLiteBehavior [ RunTime:0.001000s ]
INFO: [ app_init ] --END-- [ RunTime:0.003000s ]
INFO: [ app_begin ] --START--
INFO: Run Behavior\ReadHtmlCacheBehavior [ RunTime:0.002001s ]
INFO: [ app_begin ] --END-- [ RunTime:0.005001s ]
ERR: 无法加载控制器:Index/index

[ 2016-06-16T10:32:57+08:00 ] 127.0.0.1 /MyTKP/index.php/Home/Admin/Index/index/id/3/name/aaa
INFO: [ app_init ] --START--
INFO: Run Behavior\BuildLiteBehavior [ RunTime:0.000000s ]
INFO: [ app_init ] --END-- [ RunTime:0.003000s ]
INFO: [ app_begin ] --START--
INFO: Run Behavior\ReadHtmlCacheBehavior [ RunTime:0.003001s ]
INFO: [ app_begin ] --END-- [ RunTime:0.005001s ]
ERR: 无法加载控制器:Admin/Index

[ 2016-06-16T10:32:57+08:00 ] 127.0.0.1 /MyTKP/index.php/Home/Admin/Index/index/id/3/name/aaa
INFO: [ app_init ] --START--
INFO: Run Behavior\BuildLiteBehavior [ RunTime:0.001000s ]
INFO: [ app_init ] --END-- [ RunTime:0.004001s ]
INFO: [ app_begin ] --START--
INFO: Run Behavior\ReadHtmlCacheBehavior [ RunTime:0.002000s ]
INFO: [ app_begin ] --END-- [ RunTime:0.004000s ]
ERR: 无法加载控制器:Admin/Index

[ 2016-06-16T10:33:06+08:00 ] 127.0.0.1 /MyTKP/index.php/Home/Admin/index/id/3/name/aaa
INFO: [ app_init ] --START--
INFO: Run Behavior\BuildLiteBehavior [ RunTime:0.000000s ]
INFO: [ app_init ] --END-- [ RunTime:0.004000s ]
INFO: [ app_begin ] --START--
INFO: Run Behavior\ReadHtmlCacheBehavior [ RunTime:0.002000s ]
INFO: [ app_begin ] --END-- [ RunTime:0.004000s ]
ERR: 无法加载控制器:Admin/index

[ 2016-06-16T10:33:06+08:00 ] 127.0.0.1 /MyTKP/index.php/Home/Admin/index/id/3/name/aaa
INFO: [ app_init ] --START--
INFO: Run Behavior\BuildLiteBehavior [ RunTime:0.001000s ]
INFO: [ app_init ] --END-- [ RunTime:0.003000s ]
INFO: [ app_begin ] --START--
INFO: Run Behavior\ReadHtmlCacheBehavior [ RunTime:0.003000s ]
INFO: [ app_begin ] --END-- [ RunTime:0.005000s ]
ERR: 无法加载控制器:Admin/index

[ 2016-06-16T10:33:35+08:00 ] 127.0.0.1 /MyTKP/index.php/Home/Admin/index/id/3/name/aaa
INFO: [ app_init ] --START--
INFO: Run Behavior\BuildLiteBehavior [ RunTime:0.000000s ]
INFO: [ app_init ] --END-- [ RunTime:0.005001s ]
INFO: [ app_begin ] --START--
INFO: Run Behavior\ReadHtmlCacheBehavior [ RunTime:0.002000s ]
INFO: [ app_begin ] --END-- [ RunTime:0.004000s ]
ERR: 非法操作:id
NOTIC: [2] Cannot modify header information - headers already sent by (output started at D:\phpwebapp\MyTKP\ThinkPHP\Library\Think\App.class.php:124) D:\phpwebapp\MyTKP\ThinkPHP\Library\Think\Think.class.php 第 229 行.
NOTIC: [2] Cannot modify header information - headers already sent by (output started at D:\phpwebapp\MyTKP\ThinkPHP\Library\Think\App.class.php:124) D:\phpwebapp\MyTKP\ThinkPHP\Library\Think\Think.class.php 第 230 行.

[ 2016-06-16T10:33:35+08:00 ] 127.0.0.1 /MyTKP/index.php/Home/Admin/index/id/3/name/aaa
INFO: [ app_init ] --START--
INFO: Run Behavior\BuildLiteBehavior [ RunTime:0.000000s ]
INFO: [ app_init ] --END-- [ RunTime:0.003001s ]
INFO: [ app_begin ] --START--
INFO: Run Behavior\ReadHtmlCacheBehavior [ RunTime:0.002000s ]
INFO: [ app_begin ] --END-- [ RunTime:0.004000s ]
ERR: 非法操作:id
NOTIC: [2] Cannot modify header information - headers already sent by (output started at D:\phpwebapp\MyTKP\ThinkPHP\Library\Think\App.class.php:124) D:\phpwebapp\MyTKP\ThinkPHP\Library\Think\Think.class.php 第 229 行.
NOTIC: [2] Cannot modify header information - headers already sent by (output started at D:\phpwebapp\MyTKP\ThinkPHP\Library\Think\App.class.php:124) D:\phpwebapp\MyTKP\ThinkPHP\Library\Think\Think.class.php 第 230 行.

[ 2016-06-16T10:33:48+08:00 ] 127.0.0.1 /MyTKP/index.php/Home/Admin/Index/index/id/3/name/aaa
INFO: [ app_init ] --START--
INFO: Run Behavior\BuildLiteBehavior [ RunTime:0.002001s ]
INFO: [ app_init ] --END-- [ RunTime:0.004001s ]
INFO: [ app_begin ] --START--
INFO: Run Behavior\ReadHtmlCacheBehavior [ RunTime:0.002000s ]
INFO: [ app_begin ] --END-- [ RunTime:0.004000s ]
INFO: [ app_end ] --START--
INFO: Run Behavior\ShowPageTraceBehavior [ RunTime:0.001000s ]
INFO: [ app_end ] --END-- [ RunTime:0.005001s ]

[ 2016-06-16T10:34:15+08:00 ] 127.0.0.1 /MyTKP/index.php/Home/Admin/Index/index/uid/3/name/aaa
INFO: [ app_init ] --START--
INFO: Run Behavior\BuildLiteBehavior [ RunTime:0.001000s ]
INFO: [ app_init ] --END-- [ RunTime:0.006000s ]
INFO: [ app_begin ] --START--
INFO: Run Behavior\ReadHtmlCacheBehavior [ RunTime:0.002000s ]
INFO: [ app_begin ] --END-- [ RunTime:0.004001s ]
INFO: [ app_end ] --START--
INFO: Run Behavior\ShowPageTraceBehavior [ RunTime:0.001000s ]
INFO: [ app_end ] --END-- [ RunTime:0.004000s ]

[ 2016-06-16T10:34:27+08:00 ] 127.0.0.1 /MyTKP/index.php/Home/Admin/Index/index/uid/3/name/aaa
INFO: [ app_init ] --START--
INFO: Run Behavior\BuildLiteBehavior [ RunTime:0.001000s ]
INFO: [ app_init ] --END-- [ RunTime:0.004000s ]
INFO: [ app_begin ] --START--
INFO: Run Behavior\ReadHtmlCacheBehavior [ RunTime:0.001000s ]
INFO: [ app_begin ] --END-- [ RunTime:0.003000s ]
INFO: [ app_end ] --START--
INFO: Run Behavior\ShowPageTraceBehavior [ RunTime:0.002000s ]
INFO: [ app_end ] --END-- [ RunTime:0.004000s ]

[ 2016-06-16T10:44:50+08:00 ] 127.0.0.1 /MyTKP/index.php/Home/Index/index/uid/3/name/aaa
INFO: [ app_init ] --START--
INFO: Run Behavior\BuildLiteBehavior [ RunTime:0.000000s ]
INFO: [ app_init ] --END-- [ RunTime:0.003000s ]
INFO: [ app_begin ] --START--
INFO: Run Behavior\ReadHtmlCacheBehavior [ RunTime:0.002000s ]
INFO: [ app_begin ] --END-- [ RunTime:0.004000s ]
INFO: [ app_end ] --START--
INFO: Run Behavior\ShowPageTraceBehavior [ RunTime:0.001000s ]
INFO: [ app_end ] --END-- [ RunTime:0.004000s ]

[ 2016-06-16T10:51:08+08:00 ] 127.0.0.1 /MyTKP/index.php/tttt/aaa/45
INFO: [ app_init ] --START--
INFO: Run Behavior\BuildLiteBehavior [ RunTime:0.000000s ]
INFO: [ app_init ] --END-- [ RunTime:0.003001s ]
INFO: [ app_begin ] --START--
INFO: Run Behavior\ReadHtmlCacheBehavior [ RunTime:0.002000s ]
INFO: [ app_begin ] --END-- [ RunTime:0.005000s ]
INFO: [ app_end ] --START--
INFO: Run Behavior\ShowPageTraceBehavior [ RunTime:0.002000s ]
INFO: [ app_end ] --END-- [ RunTime:0.004000s ]

[ 2016-06-16T14:38:27+08:00 ] 127.0.0.1 /MyTKP/index.php/Home/User/login
INFO: [ app_init ] --START--
INFO: Run Behavior\BuildLiteBehavior [ RunTime:0.001000s ]
INFO: [ app_init ] --END-- [ RunTime:0.004000s ]
INFO: [ app_begin ] --START--
INFO: Run Behavior\ReadHtmlCacheBehavior [ RunTime:0.003000s ]
INFO: [ app_begin ] --END-- [ RunTime:0.005000s ]
ERR: 无法加载控制器:User

[ 2016-06-16T14:42:09+08:00 ] 127.0.0.1 /MyTKP/index.php/Home/User/login
INFO: [ app_init ] --START--
INFO: Run Behavior\BuildLiteBehavior [ RunTime:0.000000s ]
INFO: [ app_init ] --END-- [ RunTime:0.004000s ]
INFO: [ app_begin ] --START--
INFO: Run Behavior\ReadHtmlCacheBehavior [ RunTime:0.001000s ]
INFO: [ app_begin ] --END-- [ RunTime:0.004000s ]
ERR: 无法加载控制器:User

[ 2016-06-16T14:44:37+08:00 ] 127.0.0.1 /MyTKP/index.php/Home/User/login
INFO: [ app_init ] --START--
INFO: Run Behavior\BuildLiteBehavior [ RunTime:0.001000s ]
INFO: [ app_init ] --END-- [ RunTime:0.005000s ]
INFO: [ app_begin ] --START--
INFO: Run Behavior\ReadHtmlCacheBehavior [ RunTime:0.003000s ]
INFO: [ app_begin ] --END-- [ RunTime:0.007000s ]
ERR: 无法加载控制器:User

[ 2016-06-16T14:55:15+08:00 ] 127.0.0.1 /MyTKP/index.php/Home/User/login
INFO: [ app_init ] --START--
INFO: Run Behavior\BuildLiteBehavior [ RunTime:0.000000s ]
INFO: [ app_init ] --END-- [ RunTime:0.003000s ]
INFO: [ app_begin ] --START--
INFO: Run Behavior\ReadHtmlCacheBehavior [ RunTime:0.001000s ]
INFO: [ app_begin ] --END-- [ RunTime:0.003000s ]
ERR: 无法加载控制器:User

[ 2016-06-16T14:56:30+08:00 ] 127.0.0.1 /MyTKP/index.php/Home/User/login
INFO: [ app_init ] --START--
INFO: Run Behavior\BuildLiteBehavior [ RunTime:0.000000s ]
INFO: [ app_init ] --END-- [ RunTime:0.004001s ]
INFO: [ app_begin ] --START--
INFO: Run Behavior\ReadHtmlCacheBehavior [ RunTime:0.002000s ]
INFO: [ app_begin ] --END-- [ RunTime:0.005001s ]
ERR: 无法加载控制器:User

[ 2016-06-16T15:05:28+08:00 ] 127.0.0.1 /MyTKP/index.php/Home/User/login
INFO: [ app_init ] --START--
INFO: Run Behavior\BuildLiteBehavior [ RunTime:0.001000s ]
INFO: [ app_init ] --END-- [ RunTime:0.006000s ]
INFO: [ app_begin ] --START--
INFO: Run Behavior\ReadHtmlCacheBehavior [ RunTime:0.003000s ]
INFO: [ app_begin ] --END-- [ RunTime:0.007001s ]
ERR: 无法加载控制器:User

[ 2016-06-16T15:07:20+08:00 ] 127.0.0.1 /MyTKP/index.php/Home/User/login
INFO: [ app_init ] --START--
INFO: Run Behavior\BuildLiteBehavior [ RunTime:0.000000s ]
INFO: [ app_init ] --END-- [ RunTime:0.003000s ]
INFO: [ app_begin ] --START--
INFO: Run Behavior\ReadHtmlCacheBehavior [ RunTime:0.002000s ]
INFO: [ app_begin ] --END-- [ RunTime:0.005000s ]
ERR: 无法加载控制器:User

[ 2016-06-16T15:08:43+08:00 ] 127.0.0.1 /MyTKP/index.php/Home/User/login
INFO: [ app_init ] --START--
INFO: Run Behavior\BuildLiteBehavior [ RunTime:0.001000s ]
INFO: [ app_init ] --END-- [ RunTime:0.004000s ]
INFO: [ app_begin ] --START--
INFO: Run Behavior\ReadHtmlCacheBehavior [ RunTime:0.002000s ]
INFO: [ app_begin ] --END-- [ RunTime:0.005000s ]
ERR: 无法加载控制器:User

[ 2016-06-16T15:09:55+08:00 ] 127.0.0.1 /MyTKP/index.php/Home/User/login
INFO: [ app_init ] --START--
INFO: Run Behavior\BuildLiteBehavior [ RunTime:0.001000s ]
INFO: [ app_init ] --END-- [ RunTime:0.004001s ]
INFO: [ app_begin ] --START--
INFO: Run Behavior\ReadHtmlCacheBehavior [ RunTime:0.001000s ]
INFO: [ app_begin ] --END-- [ RunTime:0.004000s ]
NOTIC: [2] simplexml_load_file(): I/O warning : failed to load external entity &quot;file:///D:/phpwebapp/MyTKP/Application/Home/config/db.xml&quot; D:\phpwebapp\MyTKP\Application\Home\util\XMLParse.class.php 第 12 行.

[ 2016-06-16T15:11:07+08:00 ] 127.0.0.1 /MyTKP/index.php/Home/User/login
INFO: [ app_init ] --START--
INFO: Run Behavior\BuildLiteBehavior [ RunTime:0.001000s ]
INFO: [ app_init ] --END-- [ RunTime:0.003000s ]
INFO: [ app_begin ] --START--
INFO: Run Behavior\ReadHtmlCacheBehavior [ RunTime:0.001000s ]
INFO: [ app_begin ] --END-- [ RunTime:0.003000s ]
INFO: [ app_end ] --START--
INFO: Run Behavior\ShowPageTraceBehavior [ RunTime:0.004000s ]
INFO: [ app_end ] --END-- [ RunTime:0.010001s ]

[ 2016-06-16T15:12:38+08:00 ] 127.0.0.1 /MyTKP/index.php
INFO: [ app_init ] --START--
INFO: Run Behavior\BuildLiteBehavior [ RunTime:0.001000s ]
INFO: [ app_init ] --END-- [ RunTime:0.003000s ]
INFO: [ app_begin ] --START--
INFO: Run Behavior\ReadHtmlCacheBehavior [ RunTime:0.002000s ]
INFO: [ app_begin ] --END-- [ RunTime:0.005000s ]
INFO: [ app_end ] --START--
INFO: Run Behavior\ShowPageTraceBehavior [ RunTime:0.003000s ]
INFO: [ app_end ] --END-- [ RunTime:0.005000s ]

[ 2016-06-16T15:12:48+08:00 ] 127.0.0.1 /MyTKP/index.php/Home/User/login
INFO: [ app_init ] --START--
INFO: Run Behavior\BuildLiteBehavior [ RunTime:0.001000s ]
INFO: [ app_init ] --END-- [ RunTime:0.006000s ]
INFO: [ app_begin ] --START--
INFO: Run Behavior\ReadHtmlCacheBehavior [ RunTime:0.002000s ]
INFO: [ app_begin ] --END-- [ RunTime:0.006000s ]
INFO: [ app_end ] --START--
INFO: Run Behavior\ShowPageTraceBehavior [ RunTime:0.002000s ]
INFO: [ app_end ] --END-- [ RunTime:0.004000s ]

[ 2016-06-16T15:13:48+08:00 ] 127.0.0.1 /MyTKP/index.php/Home/Menu/loadMenuByPage?pageNo=1&pageSize=10&page=1&rows=10
INFO: [ app_init ] --START--
INFO: Run Behavior\BuildLiteBehavior [ RunTime:0.000000s ]
INFO: [ app_init ] --END-- [ RunTime:0.006001s ]
INFO: [ app_begin ] --START--
INFO: Run Behavior\ReadHtmlCacheBehavior [ RunTime:0.002000s ]
INFO: [ app_begin ] --END-- [ RunTime:0.003000s ]
ERR: 无法加载控制器:Menu

[ 2016-06-16T15:14:17+08:00 ] 127.0.0.1 /MyTKP/index.php/Home/Menu/loadMenuByPage?pageNo=1&pageSize=10&page=1&rows=10
INFO: [ app_init ] --START--
INFO: Run Behavior\BuildLiteBehavior [ RunTime:0.001000s ]
INFO: [ app_init ] --END-- [ RunTime:0.007000s ]
INFO: [ app_begin ] --START--
INFO: Run Behavior\ReadHtmlCacheBehavior [ RunTime:0.002000s ]
INFO: [ app_begin ] --END-- [ RunTime:0.004000s ]
ERR: 无法加载控制器:Menu

[ 2016-06-16T15:15:54+08:00 ] 127.0.0.1 /MyTKP/index.php/Home/Menu/loadMenuByPage?pageNo=1&pageSize=10&page=1&rows=10
INFO: [ app_init ] --START--
INFO: Run Behavior\BuildLiteBehavior [ RunTime:0.001000s ]
INFO: [ app_init ] --END-- [ RunTime:0.003000s ]
INFO: [ app_begin ] --START--
INFO: Run Behavior\ReadHtmlCacheBehavior [ RunTime:0.001000s ]
INFO: [ app_begin ] --END-- [ RunTime:0.003000s ]
ERR: SQLSTATE[HY093]: Invalid parameter number: Columns/Parameters are 1-based
NOTIC: [2] Cannot modify header information - headers already sent by (output started at D:\phpwebapp\MyTKP\Application\Home\util\DBUtil.class.php:137) D:\phpwebapp\MyTKP\ThinkPHP\Library\Think\Think.class.php 第 229 行.
NOTIC: [2] Cannot modify header information - headers already sent by (output started at D:\phpwebapp\MyTKP\Application\Home\util\DBUtil.class.php:137) D:\phpwebapp\MyTKP\ThinkPHP\Library\Think\Think.class.php 第 230 行.

[ 2016-06-16T15:18:20+08:00 ] 127.0.0.1 /MyTKP/index.php/Home/Menu/loadMenuByPage?pageNo=1&pageSize=10&page=1&rows=10
INFO: [ app_init ] --START--
INFO: Run Behavior\BuildLiteBehavior [ RunTime:0.000000s ]
INFO: [ app_init ] --END-- [ RunTime:0.003000s ]
INFO: [ app_begin ] --START--
INFO: Run Behavior\ReadHtmlCacheBehavior [ RunTime:0.002000s ]
INFO: [ app_begin ] --END-- [ RunTime:0.004000s ]
ERR: SQLSTATE[HY093]: Invalid parameter number: Columns/Parameters are 1-based
NOTIC: [2] Cannot modify header information - headers already sent by (output started at D:\phpwebapp\MyTKP\Application\Home\util\DBUtil.class.php:196) D:\phpwebapp\MyTKP\ThinkPHP\Library\Think\Think.class.php 第 229 行.
NOTIC: [2] Cannot modify header information - headers already sent by (output started at D:\phpwebapp\MyTKP\Application\Home\util\DBUtil.class.php:196) D:\phpwebapp\MyTKP\ThinkPHP\Library\Think\Think.class.php 第 230 行.

[ 2016-06-16T15:19:57+08:00 ] 127.0.0.1 /MyTKP/index.php/Home/Menu/loadMenuByPage?pageNo=1&pageSize=10&page=1&rows=10
INFO: [ app_init ] --START--
INFO: Run Behavior\BuildLiteBehavior [ RunTime:0.001000s ]
INFO: [ app_init ] --END-- [ RunTime:0.005000s ]
INFO: [ app_begin ] --START--
INFO: Run Behavior\ReadHtmlCacheBehavior [ RunTime:0.002000s ]
INFO: [ app_begin ] --END-- [ RunTime:0.004000s ]

[ 2016-06-16T15:21:45+08:00 ] 127.0.0.1 /MyTKP/index.php/Home/Menu/loadMenuByPage?pageNo=1&pageSize=10&page=1&rows=10
INFO: [ app_init ] --START--
INFO: Run Behavior\BuildLiteBehavior [ RunTime:0.001000s ]
INFO: [ app_init ] --END-- [ RunTime:0.005000s ]
INFO: [ app_begin ] --START--
INFO: Run Behavior\ReadHtmlCacheBehavior [ RunTime:0.003000s ]
INFO: [ app_begin ] --END-- [ RunTime:0.004000s ]

[ 2016-06-16T15:23:27+08:00 ] 127.0.0.1 /MyTKP/index.php/Home/Menu/loadMenuByPage?pageNo=1&pageSize=8&page=1&rows=10
INFO: [ app_init ] --START--
INFO: Run Behavior\BuildLiteBehavior [ RunTime:0.001001s ]
INFO: [ app_init ] --END-- [ RunTime:0.003001s ]
INFO: [ app_begin ] --START--
INFO: Run Behavior\ReadHtmlCacheBehavior [ RunTime:0.001000s ]
INFO: [ app_begin ] --END-- [ RunTime:0.003000s ]

[ 2016-06-16T15:23:30+08:00 ] 127.0.0.1 /MyTKP/index.php/Home/Menu/loadMenuByPage?pageNo=2&pageSize=10&controller=MenuController&methodName=loadMenuByPage
INFO: [ app_init ] --START--
INFO: Run Behavior\BuildLiteBehavior [ RunTime:0.001000s ]
INFO: [ app_init ] --END-- [ RunTime:0.005001s ]
INFO: [ app_begin ] --START--
INFO: Run Behavior\ReadHtmlCacheBehavior [ RunTime:0.001000s ]
INFO: [ app_begin ] --END-- [ RunTime:0.004000s ]

[ 2016-06-16T15:23:37+08:00 ] 127.0.0.1 /MyTKP/index.php/Home/Menu/loadMenuByPage?pageNo=1&pageSize=10&controller=MenuController&methodName=loadMenuByPage
INFO: [ app_init ] --START--
INFO: Run Behavior\BuildLiteBehavior [ RunTime:0.000000s ]
INFO: [ app_init ] --END-- [ RunTime:0.004000s ]
INFO: [ app_begin ] --START--
INFO: Run Behavior\ReadHtmlCacheBehavior [ RunTime:0.002000s ]
INFO: [ app_begin ] --END-- [ RunTime:0.004000s ]

[ 2016-06-16T15:24:18+08:00 ] 127.0.0.1 /MyTKP/index.php/Home/Menu/loadMenuByPage?pageNo=1&pageSize=8&page=1&rows=10
INFO: [ app_init ] --START--
INFO: Run Behavior\BuildLiteBehavior [ RunTime:0.000000s ]
INFO: [ app_init ] --END-- [ RunTime:0.003000s ]
INFO: [ app_begin ] --START--
INFO: Run Behavior\ReadHtmlCacheBehavior [ RunTime:0.001000s ]
INFO: [ app_begin ] --END-- [ RunTime:0.003001s ]

[ 2016-06-16T15:24:22+08:00 ] 127.0.0.1 /MyTKP/index.php/Home/Menu/loadMenuByPage?pageNo=2&pageSize=10&controller=MenuController&methodName=loadMenuByPage
INFO: [ app_init ] --START--
INFO: Run Behavior\BuildLiteBehavior [ RunTime:0.001000s ]
INFO: [ app_init ] --END-- [ RunTime:0.003001s ]
INFO: [ app_begin ] --START--
INFO: Run Behavior\ReadHtmlCacheBehavior [ RunTime:0.002000s ]
INFO: [ app_begin ] --END-- [ RunTime:0.004000s ]

[ 2016-06-16T15:24:24+08:00 ] 127.0.0.1 /MyTKP/index.php/Home/Menu/loadMenuByPage?pageNo=1&pageSize=10&controller=MenuController&methodName=loadMenuByPage
INFO: [ app_init ] --START--
INFO: Run Behavior\BuildLiteBehavior [ RunTime:0.000000s ]
INFO: [ app_init ] --END-- [ RunTime:0.004000s ]
INFO: [ app_begin ] --START--
INFO: Run Behavior\ReadHtmlCacheBehavior [ RunTime:0.001000s ]
INFO: [ app_begin ] --END-- [ RunTime:0.003000s ]

[ 2016-06-16T15:24:30+08:00 ] 127.0.0.1 /MyTKP/index.php/Home/Menu/loadMenuByPage?pageNo=1&pageSize=10&controller=MenuController&methodName=loadMenuByPage
INFO: [ app_init ] --START--
INFO: Run Behavior\BuildLiteBehavior [ RunTime:0.000000s ]
INFO: [ app_init ] --END-- [ RunTime:0.003001s ]
INFO: [ app_begin ] --START--
INFO: Run Behavior\ReadHtmlCacheBehavior [ RunTime:0.002000s ]
INFO: [ app_begin ] --END-- [ RunTime:0.003000s ]

[ 2016-06-16T15:26:01+08:00 ] 127.0.0.1 /MyTKP/index.php/Home/Menu/loadMenuByPage?pageNo=1&pageSize=8&page=1&rows=10
INFO: [ app_init ] --START--
INFO: Run Behavior\BuildLiteBehavior [ RunTime:0.000000s ]
INFO: [ app_init ] --END-- [ RunTime:0.003000s ]
INFO: [ app_begin ] --START--
INFO: Run Behavior\ReadHtmlCacheBehavior [ RunTime:0.001000s ]
INFO: [ app_begin ] --END-- [ RunTime:0.003000s ]

[ 2016-06-16T15:29:24+08:00 ] 127.0.0.1 /MyTKP/index.php/Home/Menu/loadMenuByPage?pageNo=1&pageSize=8&page=1&rows=10
INFO: [ app_init ] --START--
INFO: Run Behavior\BuildLiteBehavior [ RunTime:0.001000s ]
INFO: [ app_init ] --END-- [ RunTime:0.003000s ]
INFO: [ app_begin ] --START--
INFO: Run Behavior\ReadHtmlCacheBehavior [ RunTime:0.002000s ]
INFO: [ app_begin ] --END-- [ RunTime:0.003000s ]

[ 2016-06-16T15:29:27+08:00 ] 127.0.0.1 /MyTKP/index.php/Home/Menu/loadMenuByPage?pageNo=2&pageSize=10&controller=MenuController&methodName=loadMenuByPage
INFO: [ app_init ] --START--
INFO: Run Behavior\BuildLiteBehavior [ RunTime:0.001000s ]
INFO: [ app_init ] --END-- [ RunTime:0.006000s ]
INFO: [ app_begin ] --START--
INFO: Run Behavior\ReadHtmlCacheBehavior [ RunTime:0.002000s ]
INFO: [ app_begin ] --END-- [ RunTime:0.004000s ]

[ 2016-06-16T15:29:32+08:00 ] 127.0.0.1 /MyTKP/index.php/Home/Menu/loadMenuByPage?pageNo=1&pageSize=10&controller=MenuController&methodName=loadMenuByPage
INFO: [ app_init ] --START--
INFO: Run Behavior\BuildLiteBehavior [ RunTime:0.001000s ]
INFO: [ app_init ] --END-- [ RunTime:0.005000s ]
INFO: [ app_begin ] --START--
INFO: Run Behavior\ReadHtmlCacheBehavior [ RunTime:0.002001s ]
INFO: [ app_begin ] --END-- [ RunTime:0.003001s ]

[ 2016-06-16T15:31:19+08:00 ] 127.0.0.1 /MyTKP/index.php/Home/Menu/loadMenuByPage?pageNo=1&pageSize=10&page=1&rows=10
INFO: [ app_init ] --START--
INFO: Run Behavior\BuildLiteBehavior [ RunTime:0.000000s ]
INFO: [ app_init ] --END-- [ RunTime:0.003000s ]
INFO: [ app_begin ] --START--
INFO: Run Behavior\ReadHtmlCacheBehavior [ RunTime:0.001000s ]
INFO: [ app_begin ] --END-- [ RunTime:0.003000s ]

[ 2016-06-16T15:31:21+08:00 ] 127.0.0.1 /MyTKP/index.php/Home/Menu/loadMenuByPage?pageNo=2&pageSize=10&controller=MenuController&methodName=loadMenuByPage
INFO: [ app_init ] --START--
INFO: Run Behavior\BuildLiteBehavior [ RunTime:0.000000s ]
INFO: [ app_init ] --END-- [ RunTime:0.003000s ]
INFO: [ app_begin ] --START--
INFO: Run Behavior\ReadHtmlCacheBehavior [ RunTime:0.004001s ]
INFO: [ app_begin ] --END-- [ RunTime:0.006001s ]

[ 2016-06-16T15:31:29+08:00 ] 127.0.0.1 /MyTKP/index.php/Home/Menu/loadMenuByPage?pageNo=1&pageSize=10&controller=MenuController&methodName=loadMenuByPage
INFO: [ app_init ] --START--
INFO: Run Behavior\BuildLiteBehavior [ RunTime:0.001000s ]
INFO: [ app_init ] --END-- [ RunTime:0.005000s ]
INFO: [ app_begin ] --START--
INFO: Run Behavior\ReadHtmlCacheBehavior [ RunTime:0.002000s ]
INFO: [ app_begin ] --END-- [ RunTime:0.004000s ]

[ 2016-06-16T15:35:48+08:00 ] 127.0.0.1 /MyTKP/index.php/Home/Menu/loadMenuByPage?pageNo=1&pageSize=10&page=1&rows=10
INFO: [ app_init ] --START--
INFO: Run Behavior\BuildLiteBehavior [ RunTime:0.000000s ]
INFO: [ app_init ] --END-- [ RunTime:0.005001s ]
INFO: [ app_begin ] --START--
INFO: Run Behavior\ReadHtmlCacheBehavior [ RunTime:0.002000s ]
INFO: [ app_begin ] --END-- [ RunTime:0.004000s ]

[ 2016-06-16T15:35:50+08:00 ] 127.0.0.1 /MyTKP/index.php/Home/Menu/load12Menu?
INFO: [ app_init ] --START--
INFO: Run Behavior\BuildLiteBehavior [ RunTime:0.000000s ]
INFO: [ app_init ] --END-- [ RunTime:0.004000s ]
INFO: [ app_begin ] --START--
INFO: Run Behavior\ReadHtmlCacheBehavior [ RunTime:0.002000s ]
INFO: [ app_begin ] --END-- [ RunTime:0.004000s ]

[ 2016-06-16T15:38:23+08:00 ] 127.0.0.1 /MyTKP/index.php/Home/Menu/loadMenuByPage?pageNo=1&pageSize=10&page=1&rows=10
INFO: [ app_init ] --START--
INFO: Run Behavior\BuildLiteBehavior [ RunTime:0.000000s ]
INFO: [ app_init ] --END-- [ RunTime:0.003000s ]
INFO: [ app_begin ] --START--
INFO: Run Behavior\ReadHtmlCacheBehavior [ RunTime:0.001000s ]
INFO: [ app_begin ] --END-- [ RunTime:0.003000s ]

[ 2016-06-16T15:38:25+08:00 ] 127.0.0.1 /MyTKP/index.php/Home/Menu/load12Menu?
INFO: [ app_init ] --START--
INFO: Run Behavior\BuildLiteBehavior [ RunTime:0.000000s ]
INFO: [ app_init ] --END-- [ RunTime:0.005000s ]
INFO: [ app_begin ] --START--
INFO: Run Behavior\ReadHtmlCacheBehavior [ RunTime:0.001000s ]
INFO: [ app_begin ] --END-- [ RunTime:0.005000s ]

[ 2016-06-16T15:50:05+08:00 ] 127.0.0.1 /MyTKP/index.php/Home/Menu/loadMenuByPage?pageNo=1&pageSize=10&page=1&rows=10
INFO: [ app_init ] --START--
INFO: Run Behavior\BuildLiteBehavior [ RunTime:0.001000s ]
INFO: [ app_init ] --END-- [ RunTime:0.008000s ]
INFO: [ app_begin ] --START--
INFO: Run Behavior\ReadHtmlCacheBehavior [ RunTime:0.003000s ]
INFO: [ app_begin ] --END-- [ RunTime:0.005000s ]

[ 2016-06-16T15:50:07+08:00 ] 127.0.0.1 /MyTKP/index.php/Home/Menu/load12Menu?
INFO: [ app_init ] --START--
INFO: Run Behavior\BuildLiteBehavior [ RunTime:0.000000s ]
INFO: [ app_init ] --END-- [ RunTime:0.003000s ]
INFO: [ app_begin ] --START--
INFO: Run Behavior\ReadHtmlCacheBehavior [ RunTime:0.003000s ]
INFO: [ app_begin ] --END-- [ RunTime:0.004000s ]

[ 2016-06-16T15:50:24+08:00 ] 127.0.0.1 /MyTKP/index.php/Home/Menu/saveOrupdataMenu
INFO: [ app_init ] --START--
INFO: Run Behavior\BuildLiteBehavior [ RunTime:0.000000s ]
INFO: [ app_init ] --END-- [ RunTime:0.003000s ]
INFO: [ app_begin ] --START--
INFO: Run Behavior\ReadHtmlCacheBehavior [ RunTime:0.001000s ]
INFO: [ app_begin ] --END-- [ RunTime:0.003000s ]

[ 2016-06-16T15:50:55+08:00 ] 127.0.0.1 /MyTKP/index.php/Home/Menu/loadMenuByPage?pageNo=1&pageSize=10&controller=MenuController&methodName=loadMenuByPage
INFO: [ app_init ] --START--
INFO: Run Behavior\BuildLiteBehavior [ RunTime:0.000000s ]
INFO: [ app_init ] --END-- [ RunTime:0.003000s ]
INFO: [ app_begin ] --START--
INFO: Run Behavior\ReadHtmlCacheBehavior [ RunTime:0.002000s ]
INFO: [ app_begin ] --END-- [ RunTime:0.004000s ]

[ 2016-06-16T15:50:58+08:00 ] 127.0.0.1 /MyTKP/index.php/Home/Menu/loadMenuByPage?pageNo=2&pageSize=10&controller=MenuController&methodName=loadMenuByPage
INFO: [ app_init ] --START--
INFO: Run Behavior\BuildLiteBehavior [ RunTime:0.000000s ]
INFO: [ app_init ] --END-- [ RunTime:0.005000s ]
INFO: [ app_begin ] --START--
INFO: Run Behavior\ReadHtmlCacheBehavior [ RunTime:0.002001s ]
INFO: [ app_begin ] --END-- [ RunTime:0.005001s ]

[ 2016-06-16T15:51:05+08:00 ] 127.0.0.1 /MyTKP/index.php/Home/Menu/deleteMenu?
INFO: [ app_init ] --START--
INFO: Run Behavior\BuildLiteBehavior [ RunTime:0.001000s ]
INFO: [ app_init ] --END-- [ RunTime:0.003001s ]
INFO: [ app_begin ] --START--
INFO: Run Behavior\ReadHtmlCacheBehavior [ RunTime:0.001001s ]
INFO: [ app_begin ] --END-- [ RunTime:0.004001s ]

[ 2016-06-16T15:51:06+08:00 ] 127.0.0.1 /MyTKP/index.php/Home/Menu/loadMenuByPage?pageNo=1&pageSize=10&controller=MenuController&methodName=loadMenuByPage
INFO: [ app_init ] --START--
INFO: Run Behavior\BuildLiteBehavior [ RunTime:0.001000s ]
INFO: [ app_init ] --END-- [ RunTime:0.003000s ]
INFO: [ app_begin ] --START--
INFO: Run Behavior\ReadHtmlCacheBehavior [ RunTime:0.004000s ]
INFO: [ app_begin ] --END-- [ RunTime:0.005000s ]

[ 2016-06-16T15:51:09+08:00 ] 127.0.0.1 /MyTKP/index.php/Home/Menu/loadMenuByPage?pageNo=2&pageSize=10&controller=MenuController&methodName=loadMenuByPage
INFO: [ app_init ] --START--
INFO: Run Behavior\BuildLiteBehavior [ RunTime:0.001000s ]
INFO: [ app_init ] --END-- [ RunTime:0.004001s ]
INFO: [ app_begin ] --START--
INFO: Run Behavior\ReadHtmlCacheBehavior [ RunTime:0.003000s ]
INFO: [ app_begin ] --END-- [ RunTime:0.005000s ]

[ 2016-06-16T15:51:13+08:00 ] 127.0.0.1 /MyTKP/index.php/Home/Menu/loadMenuByPage?pageNo=1&pageSize=10&controller=MenuController&methodName=loadMenuByPage
INFO: [ app_init ] --START--
INFO: Run Behavior\BuildLiteBehavior [ RunTime:0.000000s ]
INFO: [ app_init ] --END-- [ RunTime:0.003000s ]
INFO: [ app_begin ] --START--
INFO: Run Behavior\ReadHtmlCacheBehavior [ RunTime:0.002000s ]
INFO: [ app_begin ] --END-- [ RunTime:0.005001s ]

[ 2016-06-16T15:51:17+08:00 ] 127.0.0.1 /MyTKP/index.php/Home/Menu/loadMenuByPage?pageNo=2&pageSize=10&controller=MenuController&methodName=loadMenuByPage
INFO: [ app_init ] --START--
INFO: Run Behavior\BuildLiteBehavior [ RunTime:0.001000s ]
INFO: [ app_init ] --END-- [ RunTime:0.004000s ]
INFO: [ app_begin ] --START--
INFO: Run Behavior\ReadHtmlCacheBehavior [ RunTime:0.001000s ]
INFO: [ app_begin ] --END-- [ RunTime:0.003000s ]

[ 2016-06-16T15:51:23+08:00 ] 127.0.0.1 /MyTKP/index.php/Home/Menu/loadMenuByPage?pageNo=1&pageSize=10&controller=MenuController&methodName=loadMenuByPage
INFO: [ app_init ] --START--
INFO: Run Behavior\BuildLiteBehavior [ RunTime:0.000000s ]
INFO: [ app_init ] --END-- [ RunTime:0.004000s ]
INFO: [ app_begin ] --START--
INFO: Run Behavior\ReadHtmlCacheBehavior [ RunTime:0.002000s ]
INFO: [ app_begin ] --END-- [ RunTime:0.003000s ]

[ 2016-06-16T15:51:50+08:00 ] 127.0.0.1 /MyTKP/index.php/Home/Menu/load12Menu?
INFO: [ app_init ] --START--
INFO: Run Behavior\BuildLiteBehavior [ RunTime:0.000000s ]
INFO: [ app_init ] --END-- [ RunTime:0.003000s ]
INFO: [ app_begin ] --START--
INFO: Run Behavior\ReadHtmlCacheBehavior [ RunTime:0.002000s ]
INFO: [ app_begin ] --END-- [ RunTime:0.006001s ]

[ 2016-06-16T15:51:52+08:00 ] 127.0.0.1 /MyTKP/index.php/Home/Menu/saveOrupdataMenu
INFO: [ app_init ] --START--
INFO: Run Behavior\BuildLiteBehavior [ RunTime:0.001000s ]
INFO: [ app_init ] --END-- [ RunTime:0.005000s ]
INFO: [ app_begin ] --START--
INFO: Run Behavior\ReadHtmlCacheBehavior [ RunTime:0.002000s ]
INFO: [ app_begin ] --END-- [ RunTime:0.003000s ]
NOTIC: [2] Cannot modify header information - headers already sent by (output started at D:\phpwebapp\MyTKP\Application\Home\util\DBUtil.class.php:39) D:\phpwebapp\MyTKP\ThinkPHP\Library\Think\Controller.class.php 第 228 行.

[ 2016-06-16T15:52:02+08:00 ] 127.0.0.1 /MyTKP/index.php/Home/Menu/saveOrupdataMenu
INFO: [ app_init ] --START--
INFO: Run Behavior\BuildLiteBehavior [ RunTime:0.002001s ]
INFO: [ app_init ] --END-- [ RunTime:0.004001s ]
INFO: [ app_begin ] --START--
INFO: Run Behavior\ReadHtmlCacheBehavior [ RunTime:0.001000s ]
INFO: [ app_begin ] --END-- [ RunTime:0.003000s ]

[ 2016-06-16T15:52:05+08:00 ] 127.0.0.1 /MyTKP/index.php/Home/Menu/loadMenuByPage?pageNo=1&pageSize=10&controller=MenuController&methodName=loadMenuByPage
INFO: [ app_init ] --START--
INFO: Run Behavior\BuildLiteBehavior [ RunTime:0.000000s ]
INFO: [ app_init ] --END-- [ RunTime:0.004000s ]
INFO: [ app_begin ] --START--
INFO: Run Behavior\ReadHtmlCacheBehavior [ RunTime:0.002000s ]
INFO: [ app_begin ] --END-- [ RunTime:0.004000s ]

[ 2016-06-16T15:52:10+08:00 ] 127.0.0.1 /MyTKP/index.php/Home/Menu/loadMenuByPage?pageNo=2&pageSize=10&controller=MenuController&methodName=loadMenuByPage
INFO: [ app_init ] --START--
INFO: Run Behavior\BuildLiteBehavior [ RunTime:0.001000s ]
INFO: [ app_init ] --END-- [ RunTime:0.003000s ]
INFO: [ app_begin ] --START--
INFO: Run Behavior\ReadHtmlCacheBehavior [ RunTime:0.002000s ]
INFO: [ app_begin ] --END-- [ RunTime:0.004000s ]

[ 2016-06-16T15:52:14+08:00 ] 127.0.0.1 /MyTKP/index.php/Home/Menu/load12Menu?
INFO: [ app_init ] --START--
INFO: Run Behavior\BuildLiteBehavior [ RunTime:0.001000s ]
INFO: [ app_init ] --END-- [ RunTime:0.004000s ]
INFO: [ app_begin ] --START--
INFO: Run Behavior\ReadHtmlCacheBehavior [ RunTime:0.002000s ]
INFO: [ app_begin ] --END-- [ RunTime:0.004000s ]

[ 2016-06-16T15:52:15+08:00 ] 127.0.0.1 /MyTKP/index.php/Home/Menu/loadMenuByPage?menuid=14&controller=MenuController&methodName=loadMenuById
INFO: [ app_init ] --START--
INFO: Run Behavior\BuildLiteBehavior [ RunTime:0.002000s ]
INFO: [ app_init ] --END-- [ RunTime:0.006000s ]
INFO: [ app_begin ] --START--
INFO: Run Behavior\ReadHtmlCacheBehavior [ RunTime:0.002000s ]
INFO: [ app_begin ] --END-- [ RunTime:0.004001s ]

[ 2016-06-16T15:52:22+08:00 ] 127.0.0.1 /MyTKP/index.php/Home/Menu/load12Menu?
INFO: [ app_init ] --START--
INFO: Run Behavior\BuildLiteBehavior [ RunTime:0.001000s ]
INFO: [ app_init ] --END-- [ RunTime:0.003000s ]
INFO: [ app_begin ] --START--
INFO: Run Behavior\ReadHtmlCacheBehavior [ RunTime:0.001000s ]
INFO: [ app_begin ] --END-- [ RunTime:0.059003s ]

[ 2016-06-16T15:52:23+08:00 ] 127.0.0.1 /MyTKP/index.php/Home/Menu/loadMenuByPage?menuid=14&controller=MenuController&methodName=loadMenuById
INFO: [ app_init ] --START--
INFO: Run Behavior\BuildLiteBehavior [ RunTime:0.000000s ]
INFO: [ app_init ] --END-- [ RunTime:0.003000s ]
INFO: [ app_begin ] --START--
INFO: Run Behavior\ReadHtmlCacheBehavior [ RunTime:0.003000s ]
INFO: [ app_begin ] --END-- [ RunTime:0.005000s ]

[ 2016-06-16T15:55:44+08:00 ] 127.0.0.1 /MyTKP/index.php/Home/Menu/loadMenuByPage?pageNo=1&pageSize=10&page=1&rows=10
INFO: [ app_init ] --START--
INFO: Run Behavior\BuildLiteBehavior [ RunTime:0.001000s ]
INFO: [ app_init ] --END-- [ RunTime:0.005000s ]
INFO: [ app_begin ] --START--
INFO: Run Behavior\ReadHtmlCacheBehavior [ RunTime:0.003000s ]
INFO: [ app_begin ] --END-- [ RunTime:0.006001s ]

[ 2016-06-16T15:55:49+08:00 ] 127.0.0.1 /MyTKP/index.php/Home/Menu/loadMenuByPage?pageNo=2&pageSize=10&controller=MenuController&methodName=loadMenuByPage
INFO: [ app_init ] --START--
INFO: Run Behavior\BuildLiteBehavior [ RunTime:0.000000s ]
INFO: [ app_init ] --END-- [ RunTime:0.003000s ]
INFO: [ app_begin ] --START--
INFO: Run Behavior\ReadHtmlCacheBehavior [ RunTime:0.002000s ]
INFO: [ app_begin ] --END-- [ RunTime:0.004000s ]

[ 2016-06-16T15:55:52+08:00 ] 127.0.0.1 /MyTKP/index.php/Home/Menu/loadMenuById?
INFO: [ app_init ] --START--
INFO: Run Behavior\BuildLiteBehavior [ RunTime:0.001000s ]
INFO: [ app_init ] --END-- [ RunTime:0.003000s ]
INFO: [ app_begin ] --START--
INFO: Run Behavior\ReadHtmlCacheBehavior [ RunTime:0.003000s ]
INFO: [ app_begin ] --END-- [ RunTime:0.009001s ]
ERR: 参数错误或者未定义:menuid

[ 2016-06-16T15:55:53+08:00 ] 127.0.0.1 /MyTKP/index.php/Home/Menu/loadMenuByPage?menuid=14&controller=MenuController&methodName=loadMenuById
INFO: [ app_init ] --START--
INFO: Run Behavior\BuildLiteBehavior [ RunTime:0.001000s ]
INFO: [ app_init ] --END-- [ RunTime:0.009000s ]
INFO: [ app_begin ] --START--
INFO: Run Behavior\ReadHtmlCacheBehavior [ RunTime:0.003000s ]
INFO: [ app_begin ] --END-- [ RunTime:0.004000s ]

[ 2016-06-16T15:56:38+08:00 ] 127.0.0.1 /MyTKP/index.php/Home/Menu/loadMenuByPage?pageNo=1&pageSize=10&page=1&rows=10
INFO: [ app_init ] --START--
INFO: Run Behavior\BuildLiteBehavior [ RunTime:0.000000s ]
INFO: [ app_init ] --END-- [ RunTime:0.003000s ]
INFO: [ app_begin ] --START--
INFO: Run Behavior\ReadHtmlCacheBehavior [ RunTime:0.001000s ]
INFO: [ app_begin ] --END-- [ RunTime:0.003000s ]

[ 2016-06-16T15:56:41+08:00 ] 127.0.0.1 /MyTKP/index.php/Home/Menu/loadMenuByPage?pageNo=2&pageSize=10&controller=MenuController&methodName=loadMenuByPage
INFO: [ app_init ] --START--
INFO: Run Behavior\BuildLiteBehavior [ RunTime:0.000000s ]
INFO: [ app_init ] --END-- [ RunTime:0.004001s ]
INFO: [ app_begin ] --START--
INFO: Run Behavior\ReadHtmlCacheBehavior [ RunTime:0.002000s ]
INFO: [ app_begin ] --END-- [ RunTime:0.004000s ]

[ 2016-06-16T15:56:44+08:00 ] 127.0.0.1 /MyTKP/index.php/Home/Menu/loadMenuById?
INFO: [ app_init ] --START--
INFO: Run Behavior\BuildLiteBehavior [ RunTime:0.000000s ]
INFO: [ app_init ] --END-- [ RunTime:0.024001s ]
INFO: [ app_begin ] --START--
INFO: Run Behavior\ReadHtmlCacheBehavior [ RunTime:0.002000s ]
INFO: [ app_begin ] --END-- [ RunTime:0.021001s ]
ERR: 参数错误或者未定义:menuid

[ 2016-06-16T15:56:45+08:00 ] 127.0.0.1 /MyTKP/index.php/Home/Menu/loadMenuByPage?menuid=14&controller=MenuController&methodName=loadMenuById
INFO: [ app_init ] --START--
INFO: Run Behavior\BuildLiteBehavior [ RunTime:0.000000s ]
INFO: [ app_init ] --END-- [ RunTime:0.003000s ]
INFO: [ app_begin ] --START--
INFO: Run Behavior\ReadHtmlCacheBehavior [ RunTime:0.003001s ]
INFO: [ app_begin ] --END-- [ RunTime:0.005001s ]

[ 2016-06-16T16:00:47+08:00 ] 127.0.0.1 /MyTKP/index.php/Home/Menu/loadMenuByPage?pageNo=1&pageSize=10&page=1&rows=10
INFO: [ app_init ] --START--
INFO: Run Behavior\BuildLiteBehavior [ RunTime:0.000000s ]
INFO: [ app_init ] --END-- [ RunTime:0.003000s ]
INFO: [ app_begin ] --START--
INFO: Run Behavior\ReadHtmlCacheBehavior [ RunTime:0.001000s ]
INFO: [ app_begin ] --END-- [ RunTime:0.003000s ]

[ 2016-06-16T16:00:50+08:00 ] 127.0.0.1 /MyTKP/index.php/Home/Menu/loadMenuByPage?pageNo=2&pageSize=10&controller=MenuController&methodName=loadMenuByPage
INFO: [ app_init ] --START--
INFO: Run Behavior\BuildLiteBehavior [ RunTime:0.000000s ]
INFO: [ app_init ] --END-- [ RunTime:0.003001s ]
INFO: [ app_begin ] --START--
INFO: Run Behavior\ReadHtmlCacheBehavior [ RunTime:0.002000s ]
INFO: [ app_begin ] --END-- [ RunTime:0.004000s ]

[ 2016-06-16T16:00:53+08:00 ] 127.0.0.1 /MyTKP/index.php/Home/Menu/load12Menu?
INFO: [ app_init ] --START--
INFO: Run Behavior\BuildLiteBehavior [ RunTime:0.000000s ]
INFO: [ app_init ] --END-- [ RunTime:0.003000s ]
INFO: [ app_begin ] --START--
INFO: Run Behavior\ReadHtmlCacheBehavior [ RunTime:0.001000s ]
INFO: [ app_begin ] --END-- [ RunTime:0.003000s ]

[ 2016-06-16T16:00:54+08:00 ] 127.0.0.1 /MyTKP/index.php/Home/Menu/loadMenuByPage?menuid=14&controller=MenuController&methodName=loadMenuById
INFO: [ app_init ] --START--
INFO: Run Behavior\BuildLiteBehavior [ RunTime:0.000000s ]
INFO: [ app_init ] --END-- [ RunTime:0.025002s ]
INFO: [ app_begin ] --START--
INFO: Run Behavior\ReadHtmlCacheBehavior [ RunTime:0.001000s ]
INFO: [ app_begin ] --END-- [ RunTime:0.003000s ]

[ 2016-06-16T16:01:22+08:00 ] 127.0.0.1 /MyTKP/index.php/Home/Menu/load12Menu?
INFO: [ app_init ] --START--
INFO: Run Behavior\BuildLiteBehavior [ RunTime:0.000000s ]
INFO: [ app_init ] --END-- [ RunTime:0.004000s ]
INFO: [ app_begin ] --START--
INFO: Run Behavior\ReadHtmlCacheBehavior [ RunTime:0.002000s ]
INFO: [ app_begin ] --END-- [ RunTime:0.003000s ]

[ 2016-06-16T16:01:23+08:00 ] 127.0.0.1 /MyTKP/index.php/Home/Menu/loadMenuByPage?menuid=14&controller=MenuController&methodName=loadMenuById
INFO: [ app_init ] --START--
INFO: Run Behavior\BuildLiteBehavior [ RunTime:0.000000s ]
INFO: [ app_init ] --END-- [ RunTime:0.003000s ]
INFO: [ app_begin ] --START--
INFO: Run Behavior\ReadHtmlCacheBehavior [ RunTime:0.002000s ]
INFO: [ app_begin ] --END-- [ RunTime:0.005000s ]

[ 2016-06-16T16:01:50+08:00 ] 127.0.0.1 /MyTKP/index.php/Home/Menu/loadMenuByPage?pageNo=1&pageSize=10&page=1&rows=10
INFO: [ app_init ] --START--
INFO: Run Behavior\BuildLiteBehavior [ RunTime:0.000000s ]
INFO: [ app_init ] --END-- [ RunTime:0.002000s ]
INFO: [ app_begin ] --START--
INFO: Run Behavior\ReadHtmlCacheBehavior [ RunTime:0.002001s ]
INFO: [ app_begin ] --END-- [ RunTime:0.005001s ]

[ 2016-06-16T16:02:07+08:00 ] 127.0.0.1 /MyTKP/index.php/Home/Menu/loadMenuByPage?menuid=7&controller=MenuController&methodName=loadMenuById
INFO: [ app_init ] --START--
INFO: Run Behavior\BuildLiteBehavior [ RunTime:0.001000s ]
INFO: [ app_init ] --END-- [ RunTime:0.004000s ]
INFO: [ app_begin ] --START--
INFO: Run Behavior\ReadHtmlCacheBehavior [ RunTime:0.002000s ]
INFO: [ app_begin ] --END-- [ RunTime:0.005000s ]

[ 2016-06-16T16:02:08+08:00 ] 127.0.0.1 /MyTKP/index.php/Home/Menu/load12Menu?
INFO: [ app_init ] --START--
INFO: Run Behavior\BuildLiteBehavior [ RunTime:0.000000s ]
INFO: [ app_init ] --END-- [ RunTime:0.020001s ]
INFO: [ app_begin ] --START--
INFO: Run Behavior\ReadHtmlCacheBehavior [ RunTime:0.002000s ]
INFO: [ app_begin ] --END-- [ RunTime:0.003000s ]

[ 2016-06-16T16:05:16+08:00 ] 127.0.0.1 /MyTKP/index.php/Home/Menu/loadMenuByPage?pageNo=1&pageSize=10&page=1&rows=10
INFO: [ app_init ] --START--
INFO: Run Behavior\BuildLiteBehavior [ RunTime:0.001001s ]
INFO: [ app_init ] --END-- [ RunTime:0.007001s ]
INFO: [ app_begin ] --START--
INFO: Run Behavior\ReadHtmlCacheBehavior [ RunTime:0.002000s ]
INFO: [ app_begin ] --END-- [ RunTime:0.004000s ]

[ 2016-06-16T16:05:24+08:00 ] 127.0.0.1 /MyTKP/index.php/Home/Menu/loadMenuById?menuid=7&controller=MenuController&methodName=loadMenuById
INFO: [ app_init ] --START--
INFO: Run Behavior\BuildLiteBehavior [ RunTime:0.000000s ]
INFO: [ app_init ] --END-- [ RunTime:0.003000s ]
INFO: [ app_begin ] --START--
INFO: Run Behavior\ReadHtmlCacheBehavior [ RunTime:0.002000s ]
INFO: [ app_begin ] --END-- [ RunTime:0.004000s ]

[ 2016-06-16T16:05:25+08:00 ] 127.0.0.1 /MyTKP/index.php/Home/Menu/load12Menu?
INFO: [ app_init ] --START--
INFO: Run Behavior\BuildLiteBehavior [ RunTime:0.000000s ]
INFO: [ app_init ] --END-- [ RunTime:0.003000s ]
INFO: [ app_begin ] --START--
INFO: Run Behavior\ReadHtmlCacheBehavior [ RunTime:0.002000s ]
INFO: [ app_begin ] --END-- [ RunTime:0.003000s ]

[ 2016-06-16T16:06:42+08:00 ] 127.0.0.1 /MyTKP/index.php/Home/Menu/loadMenuByPage?pageNo=1&pageSize=10&page=1&rows=10
INFO: [ app_init ] --START--
INFO: Run Behavior\BuildLiteBehavior [ RunTime:0.000000s ]
INFO: [ app_init ] --END-- [ RunTime:0.003000s ]
INFO: [ app_begin ] --START--
INFO: Run Behavior\ReadHtmlCacheBehavior [ RunTime:0.002000s ]
INFO: [ app_begin ] --END-- [ RunTime:0.004000s ]

[ 2016-06-16T16:06:47+08:00 ] 127.0.0.1 /MyTKP/index.php/Home/Menu/load12Menu?
INFO: [ app_init ] --START--
INFO: Run Behavior\BuildLiteBehavior [ RunTime:0.001000s ]
INFO: [ app_init ] --END-- [ RunTime:0.003000s ]
INFO: [ app_begin ] --START--
INFO: Run Behavior\ReadHtmlCacheBehavior [ RunTime:0.002000s ]
INFO: [ app_begin ] --END-- [ RunTime:0.006000s ]

[ 2016-06-16T16:06:48+08:00 ] 127.0.0.1 /MyTKP/index.php/Home/Menu/loadMenuById?menuid=7
INFO: [ app_init ] --START--
INFO: Run Behavior\BuildLiteBehavior [ RunTime:0.002001s ]
INFO: [ app_init ] --END-- [ RunTime:0.004001s ]
INFO: [ app_begin ] --START--
INFO: Run Behavior\ReadHtmlCacheBehavior [ RunTime:0.001000s ]
INFO: [ app_begin ] --END-- [ RunTime:0.003000s ]

[ 2016-06-16T17:45:30+08:00 ] 127.0.0.1 /MyTKP/index.php/Home/User/login
INFO: [ app_init ] --START--
INFO: Run Behavior\BuildLiteBehavior [ RunTime:0.001000s ]
INFO: [ app_init ] --END-- [ RunTime:0.004001s ]
INFO: [ app_begin ] --START--
INFO: Run Behavior\ReadHtmlCacheBehavior [ RunTime:0.003000s ]
INFO: [ app_begin ] --END-- [ RunTime:0.009000s ]
INFO: [ app_end ] --START--
INFO: Run Behavior\ShowPageTraceBehavior [ RunTime:0.002000s ]
INFO: [ app_end ] --END-- [ RunTime:0.004000s ]

[ 2016-06-16T17:46:31+08:00 ] 127.0.0.1 /MyTKP/index.php/Home/Menu/loadUserByPage?pageNo=1&pageSize=10&page=1&rows=10
INFO: [ app_init ] --START--
INFO: Run Behavior\BuildLiteBehavior [ RunTime:0.001000s ]
INFO: [ app_init ] --END-- [ RunTime:0.003000s ]
INFO: [ app_begin ] --START--
INFO: Run Behavior\ReadHtmlCacheBehavior [ RunTime:0.002000s ]
INFO: [ app_begin ] --END-- [ RunTime:0.004000s ]
ERR: 非法操作:loadUserByPage
NOTIC: [2] Cannot modify header information - headers already sent by (output started at D:\phpwebapp\MyTKP\ThinkPHP\Library\Think\App.class.php:124) D:\phpwebapp\MyTKP\ThinkPHP\Library\Think\Think.class.php 第 229 行.
NOTIC: [2] Cannot modify header information - headers already sent by (output started at D:\phpwebapp\MyTKP\ThinkPHP\Library\Think\App.class.php:124) D:\phpwebapp\MyTKP\ThinkPHP\Library\Think\Think.class.php 第 230 行.

[ 2016-06-16T17:49:37+08:00 ] 127.0.0.1 /MyTKP/index.php/Home/Menu/loadUserByPage?pageNo=1&pageSize=10&page=1&rows=10
INFO: [ app_init ] --START--
INFO: Run Behavior\BuildLiteBehavior [ RunTime:0.001000s ]
INFO: [ app_init ] --END-- [ RunTime:0.004001s ]
INFO: [ app_begin ] --START--
INFO: Run Behavior\ReadHtmlCacheBehavior [ RunTime:0.002000s ]
INFO: [ app_begin ] --END-- [ RunTime:0.005001s ]
ERR: 非法操作:loadUserByPage
NOTIC: [2] Cannot modify header information - headers already sent by (output started at D:\phpwebapp\MyTKP\ThinkPHP\Library\Think\App.class.php:124) D:\phpwebapp\MyTKP\ThinkPHP\Library\Think\Think.class.php 第 229 行.
NOTIC: [2] Cannot modify header information - headers already sent by (output started at D:\phpwebapp\MyTKP\ThinkPHP\Library\Think\App.class.php:124) D:\phpwebapp\MyTKP\ThinkPHP\Library\Think\Think.class.php 第 230 行.

[ 2016-06-16T17:50:08+08:00 ] 127.0.0.1 /MyTKP/index.php/Home/Menu/loadUserByPage?pageNo=1&pageSize=10&page=1&rows=10
INFO: [ app_init ] --START--
INFO: Run Behavior\BuildLiteBehavior [ RunTime:0.001000s ]
INFO: [ app_init ] --END-- [ RunTime:0.004001s ]
INFO: [ app_begin ] --START--
INFO: Run Behavior\ReadHtmlCacheBehavior [ RunTime:0.002000s ]
INFO: [ app_begin ] --END-- [ RunTime:0.004000s ]
ERR: 非法操作:loadUserByPage
NOTIC: [2] Cannot modify header information - headers already sent by (output started at D:\phpwebapp\MyTKP\ThinkPHP\Library\Think\App.class.php:124) D:\phpwebapp\MyTKP\ThinkPHP\Library\Think\Think.class.php 第 229 行.
NOTIC: [2] Cannot modify header information - headers already sent by (output started at D:\phpwebapp\MyTKP\ThinkPHP\Library\Think\App.class.php:124) D:\phpwebapp\MyTKP\ThinkPHP\Library\Think\Think.class.php 第 230 行.

[ 2016-06-16T17:51:24+08:00 ] 127.0.0.1 /MyTKP/index.php/Home/Menu/loadUserByPage?pageNo=1&pageSize=10&page=1&rows=10
INFO: [ app_init ] --START--
INFO: Run Behavior\BuildLiteBehavior [ RunTime:0.000000s ]
INFO: [ app_init ] --END-- [ RunTime:0.003000s ]
INFO: [ app_begin ] --START--
INFO: Run Behavior\ReadHtmlCacheBehavior [ RunTime:0.003001s ]
INFO: [ app_begin ] --END-- [ RunTime:0.004001s ]
ERR: 非法操作:loadUserByPage
NOTIC: [2] Cannot modify header information - headers already sent by (output started at D:\phpwebapp\MyTKP\ThinkPHP\Library\Think\App.class.php:124) D:\phpwebapp\MyTKP\ThinkPHP\Library\Think\Think.class.php 第 229 行.
NOTIC: [2] Cannot modify header information - headers already sent by (output started at D:\phpwebapp\MyTKP\ThinkPHP\Library\Think\App.class.php:124) D:\phpwebapp\MyTKP\ThinkPHP\Library\Think\Think.class.php 第 230 行.

[ 2016-06-16T17:51:42+08:00 ] 127.0.0.1 /MyTKP/index.php/Home/Menu/loadUserByPage?pageNo=1&pageSize=10&page=1&rows=10
INFO: [ app_init ] --START--
INFO: Run Behavior\BuildLiteBehavior [ RunTime:0.003000s ]
INFO: [ app_init ] --END-- [ RunTime:0.005000s ]
INFO: [ app_begin ] --START--
INFO: Run Behavior\ReadHtmlCacheBehavior [ RunTime:0.001000s ]
INFO: [ app_begin ] --END-- [ RunTime:0.003000s ]
ERR: 非法操作:loadUserByPage
NOTIC: [2] Cannot modify header information - headers already sent by (output started at D:\phpwebapp\MyTKP\ThinkPHP\Library\Think\App.class.php:124) D:\phpwebapp\MyTKP\ThinkPHP\Library\Think\Think.class.php 第 229 行.
NOTIC: [2] Cannot modify header information - headers already sent by (output started at D:\phpwebapp\MyTKP\ThinkPHP\Library\Think\App.class.php:124) D:\phpwebapp\MyTKP\ThinkPHP\Library\Think\Think.class.php 第 230 行.

[ 2016-06-16T17:52:59+08:00 ] 127.0.0.1 /MyTKP/index.php/Home/User/loadUserByPage?pageNo=1&pageSize=10&page=1&rows=10
INFO: [ app_init ] --START--
INFO: Run Behavior\BuildLiteBehavior [ RunTime:0.001000s ]
INFO: [ app_init ] --END-- [ RunTime:0.004000s ]
INFO: [ app_begin ] --START--
INFO: Run Behavior\ReadHtmlCacheBehavior [ RunTime:0.002000s ]
INFO: [ app_begin ] --END-- [ RunTime:0.004000s ]
ERR: SQLSTATE[42000]: Syntax error or access violation: 1064 You have an error in your SQL syntax; check the manual that corresponds to your MySQL server version for the right syntax to use near ''10'' at line 1
NOTIC: [2] Cannot modify header information - headers already sent by (output started at D:\phpwebapp\MyTKP\Application\Home\util\DBUtil.class.php:200) D:\phpwebapp\MyTKP\ThinkPHP\Library\Think\Think.class.php 第 229 行.
NOTIC: [2] Cannot modify header information - headers already sent by (output started at D:\phpwebapp\MyTKP\Application\Home\util\DBUtil.class.php:200) D:\phpwebapp\MyTKP\ThinkPHP\Library\Think\Think.class.php 第 230 行.

[ 2016-06-16T17:56:43+08:00 ] 127.0.0.1 /MyTKP/index.php/Home/User/loadUserByPage?pageNo=1&pageSize=10&page=1&rows=10
INFO: [ app_init ] --START--
INFO: Run Behavior\BuildLiteBehavior [ RunTime:0.000000s ]
INFO: [ app_init ] --END-- [ RunTime:0.003000s ]
INFO: [ app_begin ] --START--
INFO: Run Behavior\ReadHtmlCacheBehavior [ RunTime:0.002000s ]
INFO: [ app_begin ] --END-- [ RunTime:0.004000s ]

